This file contains any messages produced by compilers while
running configure, to aid debugging if configure makes a mistake.

It was created by Ipopt configure 3.2.1, which was
generated by GNU Autoconf 2.59.  Invocation command line was

  $ ./configure --prefix=/usr/local --prefix=/usr/local coin_skip_warn_cxxflags=yes --with-blas=/usr/local/lib/libcoinblas.a -lgfortran --with-lapack=/usr/local/lib/libcoinlapack.a --cache-file=/dev/null --srcdir=.

## --------- ##
## Platform. ##
## --------- ##

hostname = kvasnyj-Virtual-Machine
uname -m = x86_64
uname -r = 4.4.0-66-generic
uname -s = Linux
uname -v = #87-Ubuntu SMP Fri Mar 3 15:29:05 UTC 2017

/usr/bin/uname -p = unknown
/bin/uname -X     = unknown

/bin/arch              = unknown
/usr/bin/arch -k       = unknown
/usr/convex/getsysinfo = unknown
hostinfo               = unknown
/bin/machine           = unknown
/usr/bin/oslevel       = unknown
/bin/universe          = unknown

PATH: /home/kvasnyj/anaconda3/bin
PATH: /home/kvasnyj/bin
PATH: /home/kvasnyj/.local/bin
PATH: /usr/local/sbin
PATH: /usr/local/bin
PATH: /usr/sbin
PATH: /usr/bin
PATH: /sbin
PATH: /bin
PATH: /usr/games
PATH: /usr/local/games
PATH: /snap/bin


## ----------- ##
## Core tests. ##
## ----------- ##

configure:1684: checking build system type
configure:1702: result: x86_64-unknown-linux-gnu
configure:1743: checking whether we want to compile in debug mode
configure:1788: result: no
configure:1830: checking for egrep
configure:1840: result: grep -E
configure:1845: checking whether ln -s works
configure:1849: result: yes
configure:1959: checking for xlc
configure:1988: result: no
configure:1959: checking for gcc
configure:1975: found /usr/bin/gcc
configure:1985: result: gcc
configure:2006: checking for C compiler version
configure:2009: gcc --version </dev/null >&5
gcc (Ubuntu 5.4.0-6ubuntu1~16.04.4) 5.4.0 20160609
Copyright (C) 2015 Free Software Foundation, Inc.
This is free software; see the source for copying conditions.  There is NO
warranty; not even for MERCHANTABILITY or FITNESS FOR A PARTICULAR PURPOSE.

configure:2012: $? = 0
configure:2014: gcc -v </dev/null >&5
Using built-in specs.
COLLECT_GCC=gcc
COLLECT_LTO_WRAPPER=/usr/lib/gcc/x86_64-linux-gnu/5/lto-wrapper
Target: x86_64-linux-gnu
Configured with: ../src/configure -v --with-pkgversion='Ubuntu 5.4.0-6ubuntu1~16.04.4' --with-bugurl=file:///usr/share/doc/gcc-5/README.Bugs --enable-languages=c,ada,c++,java,go,d,fortran,objc,obj-c++ --prefix=/usr --program-suffix=-5 --enable-shared --enable-linker-build-id --libexecdir=/usr/lib --without-included-gettext --enable-threads=posix --libdir=/usr/lib --enable-nls --with-sysroot=/ --enable-clocale=gnu --enable-libstdcxx-debug --enable-libstdcxx-time=yes --with-default-libstdcxx-abi=new --enable-gnu-unique-object --disable-vtable-verify --enable-libmpx --enable-plugin --with-system-zlib --disable-browser-plugin --enable-java-awt=gtk --enable-gtk-cairo --with-java-home=/usr/lib/jvm/java-1.5.0-gcj-5-amd64/jre --enable-java-home --with-jvm-root-dir=/usr/lib/jvm/java-1.5.0-gcj-5-amd64 --with-jvm-jar-dir=/usr/lib/jvm-exports/java-1.5.0-gcj-5-amd64 --with-arch-directory=amd64 --with-ecj-jar=/usr/share/java/eclipse-ecj.jar --enable-objc-gc --enable-multiarch --disable-werror --with-arch-32=i686 --with-abi=m64 --with-multilib-list=m32,m64,mx32 --enable-multilib --with-tune=generic --enable-checking=release --build=x86_64-linux-gnu --host=x86_64-linux-gnu --target=x86_64-linux-gnu
Thread model: posix
gcc version 5.4.0 20160609 (Ubuntu 5.4.0-6ubuntu1~16.04.4) 
configure:2017: $? = 0
configure:2019: gcc -V </dev/null >&5
gcc: error: unrecognized command line option '-V'
gcc: fatal error: no input files
compilation terminated.
configure:2022: $? = 1
configure:2045: checking for C compiler default output file name
configure:2048: gcc    conftest.c  >&5
configure:2051: $? = 0
configure:2097: result: a.out
configure:2102: checking whether the C compiler works
configure:2108: ./a.out
configure:2111: $? = 0
configure:2128: result: yes
configure:2135: checking whether we are cross compiling
configure:2137: result: no
configure:2140: checking for suffix of executables
configure:2142: gcc -o conftest    conftest.c  >&5
configure:2145: $? = 0
configure:2170: result: 
configure:2176: checking for suffix of object files
configure:2197: gcc -c   conftest.c >&5
configure:2200: $? = 0
configure:2222: result: o
configure:2226: checking whether we are using the GNU C compiler
configure:2250: gcc -c   conftest.c >&5
configure:2256: $? = 0
configure:2260: test -z 
			 || test ! -s conftest.err
configure:2263: $? = 0
configure:2266: test -s conftest.o
configure:2269: $? = 0
configure:2282: result: yes
configure:2288: checking whether gcc accepts -g
configure:2309: gcc -c -g  conftest.c >&5
configure:2315: $? = 0
configure:2319: test -z 
			 || test ! -s conftest.err
configure:2322: $? = 0
configure:2325: test -s conftest.o
configure:2328: $? = 0
configure:2339: result: yes
configure:2356: checking for gcc option to accept ANSI C
configure:2426: gcc  -c -g -O2  conftest.c >&5
configure:2432: $? = 0
configure:2436: test -z 
			 || test ! -s conftest.err
configure:2439: $? = 0
configure:2442: test -s conftest.o
configure:2445: $? = 0
configure:2463: result: none needed
configure:2481: gcc -c -g -O2  conftest.c >&5
conftest.c:2:3: error: unknown type name 'choke'
   choke me
   ^
conftest.c:2:3: error: expected '=', ',', ';', 'asm' or '__attribute__' at end of input
configure:2487: $? = 1
configure: failed program was:
| #ifndef __cplusplus
|   choke me
| #endif
configure:2902: gcc -o conftest -O3 -fomit-frame-pointer -pipe -DNDEBUG -pedantic-errors -Wimplicit -Wparentheses -Wsequence-point -Wreturn-type -Wcast-qual -Wall     conftest.c  >&5
configure:2908: $? = 0
configure:2912: test -z 
			 || test ! -s conftest.err
configure:2915: $? = 0
configure:2918: test -s conftest
configure:2921: $? = 0
configure:2988: C compiler options are: -O3 -fomit-frame-pointer -pipe -DNDEBUG -pedantic-errors -Wimplicit -Wparentheses -Wsequence-point -Wreturn-type -Wcast-qual -Wall  
configure:3101: checking for xlC
configure:3130: result: no
configure:3101: checking for aCC
configure:3130: result: no
configure:3101: checking for CC
configure:3130: result: no
configure:3101: checking for g++
configure:3117: found /usr/bin/g++
configure:3127: result: g++
configure:3143: checking for C++ compiler version
configure:3146: g++ --version </dev/null >&5
g++ (Ubuntu 5.4.0-6ubuntu1~16.04.4) 5.4.0 20160609
Copyright (C) 2015 Free Software Foundation, Inc.
This is free software; see the source for copying conditions.  There is NO
warranty; not even for MERCHANTABILITY or FITNESS FOR A PARTICULAR PURPOSE.

configure:3149: $? = 0
configure:3151: g++ -v </dev/null >&5
Using built-in specs.
COLLECT_GCC=g++
COLLECT_LTO_WRAPPER=/usr/lib/gcc/x86_64-linux-gnu/5/lto-wrapper
Target: x86_64-linux-gnu
Configured with: ../src/configure -v --with-pkgversion='Ubuntu 5.4.0-6ubuntu1~16.04.4' --with-bugurl=file:///usr/share/doc/gcc-5/README.Bugs --enable-languages=c,ada,c++,java,go,d,fortran,objc,obj-c++ --prefix=/usr --program-suffix=-5 --enable-shared --enable-linker-build-id --libexecdir=/usr/lib --without-included-gettext --enable-threads=posix --libdir=/usr/lib --enable-nls --with-sysroot=/ --enable-clocale=gnu --enable-libstdcxx-debug --enable-libstdcxx-time=yes --with-default-libstdcxx-abi=new --enable-gnu-unique-object --disable-vtable-verify --enable-libmpx --enable-plugin --with-system-zlib --disable-browser-plugin --enable-java-awt=gtk --enable-gtk-cairo --with-java-home=/usr/lib/jvm/java-1.5.0-gcj-5-amd64/jre --enable-java-home --with-jvm-root-dir=/usr/lib/jvm/java-1.5.0-gcj-5-amd64 --with-jvm-jar-dir=/usr/lib/jvm-exports/java-1.5.0-gcj-5-amd64 --with-arch-directory=amd64 --with-ecj-jar=/usr/share/java/eclipse-ecj.jar --enable-objc-gc --enable-multiarch --disable-werror --with-arch-32=i686 --with-abi=m64 --with-multilib-list=m32,m64,mx32 --enable-multilib --with-tune=generic --enable-checking=release --build=x86_64-linux-gnu --host=x86_64-linux-gnu --target=x86_64-linux-gnu
Thread model: posix
gcc version 5.4.0 20160609 (Ubuntu 5.4.0-6ubuntu1~16.04.4) 
configure:3154: $? = 0
configure:3156: g++ -V </dev/null >&5
g++: error: unrecognized command line option '-V'
g++: fatal error: no input files
compilation terminated.
configure:3159: $? = 1
configure:3162: checking whether we are using the GNU C++ compiler
configure:3186: g++ -c   conftest.cc >&5
configure:3192: $? = 0
configure:3196: test -z 
			 || test ! -s conftest.err
configure:3199: $? = 0
configure:3202: test -s conftest.o
configure:3205: $? = 0
configure:3218: result: yes
configure:3224: checking whether g++ accepts -g
configure:3245: g++ -c -g  conftest.cc >&5
configure:3251: $? = 0
configure:3255: test -z 
			 || test ! -s conftest.err
configure:3258: $? = 0
configure:3261: test -s conftest.o
configure:3264: $? = 0
configure:3275: result: yes
configure:3317: g++ -c -g -O2  conftest.cc >&5
configure:3323: $? = 0
configure:3327: test -z 
			 || test ! -s conftest.err
configure:3330: $? = 0
configure:3333: test -s conftest.o
configure:3336: $? = 0
configure:3362: g++ -c -g -O2  conftest.cc >&5
conftest.cc: In function 'int main()':
conftest.cc:15:9: error: 'exit' was not declared in this scope
 exit (42);
         ^
configure:3368: $? = 1
configure: failed program was:
| /* confdefs.h.  */
| 
| #define PACKAGE_NAME "Ipopt"
| #define PACKAGE_TARNAME "ipopt"
| #define PACKAGE_VERSION "3.2.1"
| #define PACKAGE_STRING "Ipopt 3.2.1"
| #define PACKAGE_BUGREPORT "http://projects.coin-or.org/Ipopt/newticket"
| #define COIN_IPOPT_VERBOSITY 0
| #define COIN_IPOPT_CHECKLEVEL 0
| /* end confdefs.h.  */
| 
| int
| main ()
| {
| exit (42);
|   ;
|   return 0;
| }
configure:3317: g++ -c -g -O2  conftest.cc >&5
conftest.cc:11:40: error: 'void std::exit(int)' should have been declared inside 'std'
 extern "C" void std::exit (int) throw (); using std::exit;
                                        ^
configure:3323: $? = 1
configure: failed program was:
| /* confdefs.h.  */
| 
| #define PACKAGE_NAME "Ipopt"
| #define PACKAGE_TARNAME "ipopt"
| #define PACKAGE_VERSION "3.2.1"
| #define PACKAGE_STRING "Ipopt 3.2.1"
| #define PACKAGE_BUGREPORT "http://projects.coin-or.org/Ipopt/newticket"
| #define COIN_IPOPT_VERBOSITY 0
| #define COIN_IPOPT_CHECKLEVEL 0
| /* end confdefs.h.  */
| extern "C" void std::exit (int) throw (); using std::exit;
| #include <stdlib.h>
| int
| main ()
| {
| exit (42);
|   ;
|   return 0;
| }
configure:3317: g++ -c -g -O2  conftest.cc >&5
conftest.cc:11:31: error: 'void std::exit(int)' should have been declared inside 'std'
 extern "C" void std::exit (int); using std::exit;
                               ^
In file included from conftest.cc:12:0:
/usr/include/stdlib.h:543:70: error: declaration of 'void std::exit(int) throw ()' has a different exception specifier
 extern void exit (int __status) __THROW __attribute__ ((__noreturn__));
                                                                      ^
conftest.cc:11:17: error: from previous declaration 'void std::exit(int)'
 extern "C" void std::exit (int); using std::exit;
                 ^
configure:3323: $? = 1
configure: failed program was:
| /* confdefs.h.  */
| 
| #define PACKAGE_NAME "Ipopt"
| #define PACKAGE_TARNAME "ipopt"
| #define PACKAGE_VERSION "3.2.1"
| #define PACKAGE_STRING "Ipopt 3.2.1"
| #define PACKAGE_BUGREPORT "http://projects.coin-or.org/Ipopt/newticket"
| #define COIN_IPOPT_VERBOSITY 0
| #define COIN_IPOPT_CHECKLEVEL 0
| /* end confdefs.h.  */
| extern "C" void std::exit (int); using std::exit;
| #include <stdlib.h>
| int
| main ()
| {
| exit (42);
|   ;
|   return 0;
| }
configure:3317: g++ -c -g -O2  conftest.cc >&5
configure:3323: $? = 0
configure:3327: test -z 
			 || test ! -s conftest.err
configure:3330: $? = 0
configure:3333: test -s conftest.o
configure:3336: $? = 0
configure:3362: g++ -c -g -O2  conftest.cc >&5
configure:3368: $? = 0
configure:3372: test -z 
			 || test ! -s conftest.err
configure:3375: $? = 0
configure:3378: test -s conftest.o
configure:3381: $? = 0
configure:3682: g++ -o conftest -O3 -fomit-frame-pointer -pipe -DNDEBUG -pedantic-errors -Wimplicit -Wparentheses -Wreturn-type -Wcast-qual -Wall -Wpointer-arith -Wwrite-strings -Wconversion     conftest.cc  >&5
cc1plus: warning: command line option '-Wimplicit' is valid for C/ObjC but not for C++
configure:3688: $? = 0
configure:3692: test -z 
			 || test ! -s conftest.err
configure:3695: $? = 0
configure:3698: test -s conftest
configure:3701: $? = 0
configure:3768: C++ compiler options are: -O3 -fomit-frame-pointer -pipe -DNDEBUG -pedantic-errors -Wimplicit -Wparentheses -Wreturn-type -Wcast-qual -Wall -Wpointer-arith -Wwrite-strings -Wconversion  
configure:3856: Assuming that CXXLIBS is "-lstdc++ -lm".
configure:3946: checking for xlf
configure:3975: result: no
configure:3946: checking for fort77
configure:3975: result: no
configure:3946: checking for gfortran
configure:3962: found /usr/bin/gfortran
configure:3972: result: gfortran
configure:3987: checking for Fortran 77 compiler version
configure:3990: gfortran --version </dev/null >&5
GNU Fortran (Ubuntu 5.4.0-6ubuntu1~16.04.4) 5.4.0 20160609
Copyright (C) 2015 Free Software Foundation, Inc.

GNU Fortran comes with NO WARRANTY, to the extent permitted by law.
You may redistribute copies of GNU Fortran
under the terms of the GNU General Public License.
For more information about these matters, see the file named COPYING

configure:3993: $? = 0
configure:3995: gfortran -v </dev/null >&5
Using built-in specs.
COLLECT_GCC=gfortran
COLLECT_LTO_WRAPPER=/usr/lib/gcc/x86_64-linux-gnu/5/lto-wrapper
Target: x86_64-linux-gnu
Configured with: ../src/configure -v --with-pkgversion='Ubuntu 5.4.0-6ubuntu1~16.04.4' --with-bugurl=file:///usr/share/doc/gcc-5/README.Bugs --enable-languages=c,ada,c++,java,go,d,fortran,objc,obj-c++ --prefix=/usr --program-suffix=-5 --enable-shared --enable-linker-build-id --libexecdir=/usr/lib --without-included-gettext --enable-threads=posix --libdir=/usr/lib --enable-nls --with-sysroot=/ --enable-clocale=gnu --enable-libstdcxx-debug --enable-libstdcxx-time=yes --with-default-libstdcxx-abi=new --enable-gnu-unique-object --disable-vtable-verify --enable-libmpx --enable-plugin --with-system-zlib --disable-browser-plugin --enable-java-awt=gtk --enable-gtk-cairo --with-java-home=/usr/lib/jvm/java-1.5.0-gcj-5-amd64/jre --enable-java-home --with-jvm-root-dir=/usr/lib/jvm/java-1.5.0-gcj-5-amd64 --with-jvm-jar-dir=/usr/lib/jvm-exports/java-1.5.0-gcj-5-amd64 --with-arch-directory=amd64 --with-ecj-jar=/usr/share/java/eclipse-ecj.jar --enable-objc-gc --enable-multiarch --disable-werror --with-arch-32=i686 --with-abi=m64 --with-multilib-list=m32,m64,mx32 --enable-multilib --with-tune=generic --enable-checking=release --build=x86_64-linux-gnu --host=x86_64-linux-gnu --target=x86_64-linux-gnu
Thread model: posix
gcc version 5.4.0 20160609 (Ubuntu 5.4.0-6ubuntu1~16.04.4) 
configure:3998: $? = 0
configure:4000: gfortran -V </dev/null >&5
gfortran: error: unrecognized command line option '-V'
gfortran: fatal error: no input files
compilation terminated.
configure:4003: $? = 1
configure:4011: checking whether we are using the GNU Fortran 77 compiler
configure:4025: gfortran -c  conftest.F >&5
configure:4031: $? = 0
configure:4035: test -z 
			 || test ! -s conftest.err
configure:4038: $? = 0
configure:4041: test -s conftest.o
configure:4044: $? = 0
configure:4057: result: yes
configure:4063: checking whether gfortran accepts -g
configure:4075: gfortran -c -g conftest.f >&5
configure:4081: $? = 0
configure:4085: test -z 
			 || test ! -s conftest.err
configure:4088: $? = 0
configure:4091: test -s conftest.o
configure:4094: $? = 0
configure:4106: result: yes
configure:4356: gfortran -o conftest -O3 -fomit-frame-pointer -pipe -DNDEBUG    conftest.f  >&5
configure:4362: $? = 0
configure:4366: test -z 
			 || test ! -s conftest.err
configure:4369: $? = 0
configure:4372: test -s conftest
configure:4375: $? = 0
configure:4432: Fortran compiler options are: -O3 -fomit-frame-pointer -pipe -DNDEBUG  
configure:4468: checking how to get verbose linking output from gfortran
configure:4479: gfortran -c -O3 -fomit-frame-pointer -pipe -DNDEBUG   conftest.f >&5
configure:4485: $? = 0
configure:4489: test -z 
			 || test ! -s conftest.err
configure:4492: $? = 0
configure:4495: test -s conftest.o
configure:4498: $? = 0
configure:4515: gfortran -o conftest -O3 -fomit-frame-pointer -pipe -DNDEBUG   -v  conftest.f  >&5
Using built-in specs.
COLLECT_GCC=gfortran
COLLECT_LTO_WRAPPER=/usr/lib/gcc/x86_64-linux-gnu/5/lto-wrapper
Target: x86_64-linux-gnu
Configured with: ../src/configure -v --with-pkgversion='Ubuntu 5.4.0-6ubuntu1~16.04.4' --with-bugurl=file:///usr/share/doc/gcc-5/README.Bugs --enable-languages=c,ada,c++,java,go,d,fortran,objc,obj-c++ --prefix=/usr --program-suffix=-5 --enable-shared --enable-linker-build-id --libexecdir=/usr/lib --without-included-gettext --enable-threads=posix --libdir=/usr/lib --enable-nls --with-sysroot=/ --enable-clocale=gnu --enable-libstdcxx-debug --enable-libstdcxx-time=yes --with-default-libstdcxx-abi=new --enable-gnu-unique-object --disable-vtable-verify --enable-libmpx --enable-plugin --with-system-zlib --disable-browser-plugin --enable-java-awt=gtk --enable-gtk-cairo --with-java-home=/usr/lib/jvm/java-1.5.0-gcj-5-amd64/jre --enable-java-home --with-jvm-root-dir=/usr/lib/jvm/java-1.5.0-gcj-5-amd64 --with-jvm-jar-dir=/usr/lib/jvm-exports/java-1.5.0-gcj-5-amd64 --with-arch-directory=amd64 --with-ecj-jar=/usr/share/java/eclipse-ecj.jar --enable-objc-gc --enable-multiarch --disable-werror --with-arch-32=i686 --with-abi=m64 --with-multilib-list=m32,m64,mx32 --enable-multilib --with-tune=generic --enable-checking=release --build=x86_64-linux-gnu --host=x86_64-linux-gnu --target=x86_64-linux-gnu
Thread model: posix
gcc version 5.4.0 20160609 (Ubuntu 5.4.0-6ubuntu1~16.04.4) 
COLLECT_GCC_OPTIONS='-o' 'conftest' '-O3' '-fomit-frame-pointer' '-pipe' '-D' 'NDEBUG' '-v' '-shared-libgcc' '-mtune=generic' '-march=x86-64'
 /usr/lib/gcc/x86_64-linux-gnu/5/f951 conftest.f -ffixed-form -quiet -dumpbase conftest.f -mtune=generic -march=x86-64 -auxbase conftest -O3 -version -fomit-frame-pointer -fintrinsic-modules-path /usr/lib/gcc/x86_64-linux-gnu/5/finclude -o - |
 as -v --64 -o /tmp/ccucJ5XL.o
GNU Fortran (Ubuntu 5.4.0-6ubuntu1~16.04.4) version 5.4.0 20160609 (x86_64-linux-gnu)
	compiled by GNU C version 5.4.0 20160609, GMP version 6.1.0, MPFR version 3.1.4, MPC version 1.0.3
GGC heuristics: --param ggc-min-expand=100 --param ggc-min-heapsize=131072
GNU Fortran2008 (Ubuntu 5.4.0-6ubuntu1~16.04.4) version 5.4.0 20160609 (x86_64-linux-gnu)
	compiled by GNU C version 5.4.0 20160609, GMP version 6.1.0, MPFR version 3.1.4, MPC version 1.0.3
GGC heuristics: --param ggc-min-expand=100 --param ggc-min-heapsize=131072
GNU assembler version 2.26.1 (x86_64-linux-gnu) using BFD version (GNU Binutils for Ubuntu) 2.26.1
Reading specs from /usr/lib/gcc/x86_64-linux-gnu/5/libgfortran.spec
rename spec lib to liborig
COLLECT_GCC_OPTIONS='-o' 'conftest' '-O3' '-fomit-frame-pointer' '-pipe' '-D' 'NDEBUG' '-v' '-shared-libgcc' '-mtune=generic' '-march=x86-64'
COMPILER_PATH=/usr/lib/gcc/x86_64-linux-gnu/5/:/usr/lib/gcc/x86_64-linux-gnu/5/:/usr/lib/gcc/x86_64-linux-gnu/:/usr/lib/gcc/x86_64-linux-gnu/5/:/usr/lib/gcc/x86_64-linux-gnu/
LIBRARY_PATH=/usr/lib/gcc/x86_64-linux-gnu/5/:/usr/lib/gcc/x86_64-linux-gnu/5/../../../x86_64-linux-gnu/:/usr/lib/gcc/x86_64-linux-gnu/5/../../../../lib/:/lib/x86_64-linux-gnu/:/lib/../lib/:/usr/lib/x86_64-linux-gnu/:/usr/lib/../lib/:/usr/lib/gcc/x86_64-linux-gnu/5/../../../:/lib/:/usr/lib/
COLLECT_GCC_OPTIONS='-o' 'conftest' '-O3' '-fomit-frame-pointer' '-pipe' '-D' 'NDEBUG' '-v' '-shared-libgcc' '-mtune=generic' '-march=x86-64'
 /usr/lib/gcc/x86_64-linux-gnu/5/collect2 -plugin /usr/lib/gcc/x86_64-linux-gnu/5/liblto_plugin.so -plugin-opt=/usr/lib/gcc/x86_64-linux-gnu/5/lto-wrapper -plugin-opt=-fresolution=/tmp/cczf6bEY.res -plugin-opt=-pass-through=-lgcc_s -plugin-opt=-pass-through=-lgcc -plugin-opt=-pass-through=-lquadmath -plugin-opt=-pass-through=-lm -plugin-opt=-pass-through=-lgcc_s -plugin-opt=-pass-through=-lgcc -plugin-opt=-pass-through=-lc -plugin-opt=-pass-through=-lgcc_s -plugin-opt=-pass-through=-lgcc --sysroot=/ --build-id --eh-frame-hdr -m elf_x86_64 --hash-style=gnu --as-needed -dynamic-linker /lib64/ld-linux-x86-64.so.2 -z relro -o conftest /usr/lib/gcc/x86_64-linux-gnu/5/../../../x86_64-linux-gnu/crt1.o /usr/lib/gcc/x86_64-linux-gnu/5/../../../x86_64-linux-gnu/crti.o /usr/lib/gcc/x86_64-linux-gnu/5/crtbegin.o -L/usr/lib/gcc/x86_64-linux-gnu/5 -L/usr/lib/gcc/x86_64-linux-gnu/5/../../../x86_64-linux-gnu -L/usr/lib/gcc/x86_64-linux-gnu/5/../../../../lib -L/lib/x86_64-linux-gnu -L/lib/../lib -L/usr/lib/x86_64-linux-gnu -L/usr/lib/../lib -L/usr/lib/gcc/x86_64-linux-gnu/5/../../.. /tmp/ccucJ5XL.o -lgfortran -lm -lgcc_s -lgcc -lquadmath -lm -lgcc_s -lgcc -lc -lgcc_s -lgcc /usr/lib/gcc/x86_64-linux-gnu/5/crtend.o /usr/lib/gcc/x86_64-linux-gnu/5/../../../x86_64-linux-gnu/crtn.o
configure:4570: result: -v
configure:4572: checking for Fortran libraries of gfortran
configure:4593: gfortran -o conftest -O3 -fomit-frame-pointer -pipe -DNDEBUG   -v  conftest.f  >&5
Using built-in specs.
COLLECT_GCC=gfortran
COLLECT_LTO_WRAPPER=/usr/lib/gcc/x86_64-linux-gnu/5/lto-wrapper
Target: x86_64-linux-gnu
Configured with: ../src/configure -v --with-pkgversion='Ubuntu 5.4.0-6ubuntu1~16.04.4' --with-bugurl=file:///usr/share/doc/gcc-5/README.Bugs --enable-languages=c,ada,c++,java,go,d,fortran,objc,obj-c++ --prefix=/usr --program-suffix=-5 --enable-shared --enable-linker-build-id --libexecdir=/usr/lib --without-included-gettext --enable-threads=posix --libdir=/usr/lib --enable-nls --with-sysroot=/ --enable-clocale=gnu --enable-libstdcxx-debug --enable-libstdcxx-time=yes --with-default-libstdcxx-abi=new --enable-gnu-unique-object --disable-vtable-verify --enable-libmpx --enable-plugin --with-system-zlib --disable-browser-plugin --enable-java-awt=gtk --enable-gtk-cairo --with-java-home=/usr/lib/jvm/java-1.5.0-gcj-5-amd64/jre --enable-java-home --with-jvm-root-dir=/usr/lib/jvm/java-1.5.0-gcj-5-amd64 --with-jvm-jar-dir=/usr/lib/jvm-exports/java-1.5.0-gcj-5-amd64 --with-arch-directory=amd64 --with-ecj-jar=/usr/share/java/eclipse-ecj.jar --enable-objc-gc --enable-multiarch --disable-werror --with-arch-32=i686 --with-abi=m64 --with-multilib-list=m32,m64,mx32 --enable-multilib --with-tune=generic --enable-checking=release --build=x86_64-linux-gnu --host=x86_64-linux-gnu --target=x86_64-linux-gnu
Thread model: posix
gcc version 5.4.0 20160609 (Ubuntu 5.4.0-6ubuntu1~16.04.4) 
COLLECT_GCC_OPTIONS='-o' 'conftest' '-O3' '-fomit-frame-pointer' '-pipe' '-D' 'NDEBUG' '-v' '-shared-libgcc' '-mtune=generic' '-march=x86-64'
 /usr/lib/gcc/x86_64-linux-gnu/5/f951 conftest.f -ffixed-form -quiet -dumpbase conftest.f -mtune=generic -march=x86-64 -auxbase conftest -O3 -version -fomit-frame-pointer -fintrinsic-modules-path /usr/lib/gcc/x86_64-linux-gnu/5/finclude -o - |
 as -v --64 -o /tmp/ccj77GSO.o
GNU Fortran (Ubuntu 5.4.0-6ubuntu1~16.04.4) version 5.4.0 20160609 (x86_64-linux-gnu)
	compiled by GNU C version 5.4.0 20160609, GMP version 6.1.0, MPFR version 3.1.4, MPC version 1.0.3
GGC heuristics: --param ggc-min-expand=100 --param ggc-min-heapsize=131072
GNU Fortran2008 (Ubuntu 5.4.0-6ubuntu1~16.04.4) version 5.4.0 20160609 (x86_64-linux-gnu)
	compiled by GNU C version 5.4.0 20160609, GMP version 6.1.0, MPFR version 3.1.4, MPC version 1.0.3
GGC heuristics: --param ggc-min-expand=100 --param ggc-min-heapsize=131072
GNU assembler version 2.26.1 (x86_64-linux-gnu) using BFD version (GNU Binutils for Ubuntu) 2.26.1
Reading specs from /usr/lib/gcc/x86_64-linux-gnu/5/libgfortran.spec
rename spec lib to liborig
COLLECT_GCC_OPTIONS='-o' 'conftest' '-O3' '-fomit-frame-pointer' '-pipe' '-D' 'NDEBUG' '-v' '-shared-libgcc' '-mtune=generic' '-march=x86-64'
COMPILER_PATH=/usr/lib/gcc/x86_64-linux-gnu/5/:/usr/lib/gcc/x86_64-linux-gnu/5/:/usr/lib/gcc/x86_64-linux-gnu/:/usr/lib/gcc/x86_64-linux-gnu/5/:/usr/lib/gcc/x86_64-linux-gnu/
LIBRARY_PATH=/usr/lib/gcc/x86_64-linux-gnu/5/:/usr/lib/gcc/x86_64-linux-gnu/5/../../../x86_64-linux-gnu/:/usr/lib/gcc/x86_64-linux-gnu/5/../../../../lib/:/lib/x86_64-linux-gnu/:/lib/../lib/:/usr/lib/x86_64-linux-gnu/:/usr/lib/../lib/:/usr/lib/gcc/x86_64-linux-gnu/5/../../../:/lib/:/usr/lib/
COLLECT_GCC_OPTIONS='-o' 'conftest' '-O3' '-fomit-frame-pointer' '-pipe' '-D' 'NDEBUG' '-v' '-shared-libgcc' '-mtune=generic' '-march=x86-64'
 /usr/lib/gcc/x86_64-linux-gnu/5/collect2 -plugin /usr/lib/gcc/x86_64-linux-gnu/5/liblto_plugin.so -plugin-opt=/usr/lib/gcc/x86_64-linux-gnu/5/lto-wrapper -plugin-opt=-fresolution=/tmp/cc3jBTI1.res -plugin-opt=-pass-through=-lgcc_s -plugin-opt=-pass-through=-lgcc -plugin-opt=-pass-through=-lquadmath -plugin-opt=-pass-through=-lm -plugin-opt=-pass-through=-lgcc_s -plugin-opt=-pass-through=-lgcc -plugin-opt=-pass-through=-lc -plugin-opt=-pass-through=-lgcc_s -plugin-opt=-pass-through=-lgcc --sysroot=/ --build-id --eh-frame-hdr -m elf_x86_64 --hash-style=gnu --as-needed -dynamic-linker /lib64/ld-linux-x86-64.so.2 -z relro -o conftest /usr/lib/gcc/x86_64-linux-gnu/5/../../../x86_64-linux-gnu/crt1.o /usr/lib/gcc/x86_64-linux-gnu/5/../../../x86_64-linux-gnu/crti.o /usr/lib/gcc/x86_64-linux-gnu/5/crtbegin.o -L/usr/lib/gcc/x86_64-linux-gnu/5 -L/usr/lib/gcc/x86_64-linux-gnu/5/../../../x86_64-linux-gnu -L/usr/lib/gcc/x86_64-linux-gnu/5/../../../../lib -L/lib/x86_64-linux-gnu -L/lib/../lib -L/usr/lib/x86_64-linux-gnu -L/usr/lib/../lib -L/usr/lib/gcc/x86_64-linux-gnu/5/../../.. /tmp/ccj77GSO.o -lgfortran -lm -lgcc_s -lgcc -lquadmath -lm -lgcc_s -lgcc -lc -lgcc_s -lgcc /usr/lib/gcc/x86_64-linux-gnu/5/crtend.o /usr/lib/gcc/x86_64-linux-gnu/5/../../../x86_64-linux-gnu/crtn.o
configure:4754: result:  -L/usr/lib/gcc/x86_64-linux-gnu/5 -L/usr/lib/gcc/x86_64-linux-gnu/5/../../../x86_64-linux-gnu -L/usr/lib/gcc/x86_64-linux-gnu/5/../../../../lib -L/lib/x86_64-linux-gnu -L/lib/../lib -L/usr/lib/x86_64-linux-gnu -L/usr/lib/../lib -L/usr/lib/gcc/x86_64-linux-gnu/5/../../.. -lgfortran -lm -lgcc_s -lquadmath
configure:4769: checking for dummy main to link with Fortran libraries
configure:4808: gcc -o conftest -O3 -fomit-frame-pointer -pipe -DNDEBUG -pedantic-errors -Wimplicit -Wparentheses -Wsequence-point -Wreturn-type -Wcast-qual -Wall     conftest.c   -L/usr/lib/gcc/x86_64-linux-gnu/5 -L/usr/lib/gcc/x86_64-linux-gnu/5/../../../x86_64-linux-gnu -L/usr/lib/gcc/x86_64-linux-gnu/5/../../../../lib -L/lib/x86_64-linux-gnu -L/lib/../lib -L/usr/lib/x86_64-linux-gnu -L/usr/lib/../lib -L/usr/lib/gcc/x86_64-linux-gnu/5/../../.. -lgfortran -lm -lgcc_s -lquadmath >&5
configure:4814: $? = 0
configure:4818: test -z 
			 || test ! -s conftest.err
configure:4821: $? = 0
configure:4824: test -s conftest
configure:4827: $? = 0
configure:4905: result: none
configure:4941: checking for Fortran name-mangling scheme
configure:4955: gfortran -c -O3 -fomit-frame-pointer -pipe -DNDEBUG   conftest.f >&5
configure:4961: $? = 0
configure:4965: test -z 
			 || test ! -s conftest.err
configure:4968: $? = 0
configure:4971: test -s conftest.o
configure:4974: $? = 0
configure:5021: gcc -o conftest -O3 -fomit-frame-pointer -pipe -DNDEBUG -pedantic-errors -Wimplicit -Wparentheses -Wsequence-point -Wreturn-type -Wcast-qual -Wall     conftest.c cfortran_test.o   -L/usr/lib/gcc/x86_64-linux-gnu/5 -L/usr/lib/gcc/x86_64-linux-gnu/5/../../../x86_64-linux-gnu -L/usr/lib/gcc/x86_64-linux-gnu/5/../../../../lib -L/lib/x86_64-linux-gnu -L/lib/../lib -L/usr/lib/x86_64-linux-gnu -L/usr/lib/../lib -L/usr/lib/gcc/x86_64-linux-gnu/5/../../.. -lgfortran -lm -lgcc_s -lquadmath >&5
/tmp/ccts72p0.o: In function `main':
conftest.c:(.text.startup+0x7): undefined reference to `foobar'
collect2: error: ld returned 1 exit status
configure:5027: $? = 1
configure: failed program was:
| /* confdefs.h.  */
| 
| #define PACKAGE_NAME "Ipopt"
| #define PACKAGE_TARNAME "ipopt"
| #define PACKAGE_VERSION "3.2.1"
| #define PACKAGE_STRING "Ipopt 3.2.1"
| #define PACKAGE_BUGREPORT "http://projects.coin-or.org/Ipopt/newticket"
| #define COIN_IPOPT_VERBOSITY 0
| #define COIN_IPOPT_CHECKLEVEL 0
| #ifdef __cplusplus
| extern "C" void exit (int) throw ();
| #endif
| /* end confdefs.h.  */
| 
| /* Override any gcc2 internal prototype to avoid an error.  */
| #ifdef __cplusplus
| extern "C"
| #endif
| /* We use char because int might match the return type of a gcc2
|    builtin and then its argument prototype would still apply.  */
| char foobar ();
| #ifdef F77_DUMMY_MAIN
| 
| #  ifdef __cplusplus
|      extern "C"
| #  endif
|    int F77_DUMMY_MAIN() { return 1; }
| 
| #endif
| int
| main ()
| {
| foobar ();
|   ;
|   return 0;
| }
configure:5021: gcc -o conftest -O3 -fomit-frame-pointer -pipe -DNDEBUG -pedantic-errors -Wimplicit -Wparentheses -Wsequence-point -Wreturn-type -Wcast-qual -Wall     conftest.c cfortran_test.o   -L/usr/lib/gcc/x86_64-linux-gnu/5 -L/usr/lib/gcc/x86_64-linux-gnu/5/../../../x86_64-linux-gnu -L/usr/lib/gcc/x86_64-linux-gnu/5/../../../../lib -L/lib/x86_64-linux-gnu -L/lib/../lib -L/usr/lib/x86_64-linux-gnu -L/usr/lib/../lib -L/usr/lib/gcc/x86_64-linux-gnu/5/../../.. -lgfortran -lm -lgcc_s -lquadmath >&5
configure:5027: $? = 0
configure:5031: test -z 
			 || test ! -s conftest.err
configure:5034: $? = 0
configure:5037: test -s conftest
configure:5040: $? = 0
configure:5108: gcc -o conftest -O3 -fomit-frame-pointer -pipe -DNDEBUG -pedantic-errors -Wimplicit -Wparentheses -Wsequence-point -Wreturn-type -Wcast-qual -Wall     conftest.c cfortran_test.o   -L/usr/lib/gcc/x86_64-linux-gnu/5 -L/usr/lib/gcc/x86_64-linux-gnu/5/../../../x86_64-linux-gnu -L/usr/lib/gcc/x86_64-linux-gnu/5/../../../../lib -L/lib/x86_64-linux-gnu -L/lib/../lib -L/usr/lib/x86_64-linux-gnu -L/usr/lib/../lib -L/usr/lib/gcc/x86_64-linux-gnu/5/../../.. -lgfortran -lm -lgcc_s -lquadmath >&5
configure:5114: $? = 0
configure:5118: test -z 
			 || test ! -s conftest.err
configure:5121: $? = 0
configure:5124: test -s conftest
configure:5127: $? = 0
configure:5177: result: lower case, underscore, no extra underscore
configure:5384: checking for a BSD-compatible install
configure:5439: result: /usr/bin/install -c
configure:5450: checking whether build environment is sane
configure:5493: result: yes
configure:5558: checking for gawk
configure:5587: result: no
configure:5558: checking for mawk
configure:5574: found /usr/bin/mawk
configure:5584: result: mawk
configure:5594: checking whether make sets $(MAKE)
configure:5614: result: yes
configure:5644: checking for style of include used by make
configure:5672: result: GNU
configure:5712: checking for dlfcn.h
configure:5728: gcc -c -O3 -fomit-frame-pointer -pipe -DNDEBUG -pedantic-errors -Wimplicit -Wparentheses -Wsequence-point -Wreturn-type -Wcast-qual -Wall    conftest.c >&5
configure:5734: $? = 0
configure:5738: test -z 
			 || test ! -s conftest.err
configure:5741: $? = 0
configure:5744: test -s conftest.o
configure:5747: $? = 0
configure:5758: result: yes
configure:5824: checking host system type
configure:5838: result: x86_64-unknown-linux-gnu
configure:5846: checking for a sed that does not truncate output
configure:5900: result: /bin/sed
configure:5914: checking for ld used by gcc
configure:5981: result: /usr/bin/ld
configure:5990: checking if the linker (/usr/bin/ld) is GNU ld
configure:6005: result: yes
configure:6010: checking for /usr/bin/ld option to reload object files
configure:6017: result: -r
configure:6035: checking for BSD-compatible nm
configure:6084: result: /usr/bin/nm -B
configure:6088: checking how to recognise dependent libraries
configure:6264: result: pass_all
configure:6351: gfortran -c -O3 -fomit-frame-pointer -pipe -DNDEBUG   conftest.f >&5
conftest.f:1:1:

 int i;
 1
Error: Non-numeric character in statement label at (1)
conftest.f:1:1:

 int i;
 1
Error: Unclassifiable statement at (1)
configure:6354: $? = 1
configure:6508: checking how to run the C preprocessor
configure:6543: gcc -E  conftest.c
configure:6549: $? = 0
configure:6581: gcc -E  conftest.c
conftest.c:17:28: fatal error: ac_nonexistent.h: No such file or directory
compilation terminated.
configure:6587: $? = 1
configure: failed program was:
| /* confdefs.h.  */
| 
| #define PACKAGE_NAME "Ipopt"
| #define PACKAGE_TARNAME "ipopt"
| #define PACKAGE_VERSION "3.2.1"
| #define PACKAGE_STRING "Ipopt 3.2.1"
| #define PACKAGE_BUGREPORT "http://projects.coin-or.org/Ipopt/newticket"
| #define COIN_IPOPT_VERBOSITY 0
| #define COIN_IPOPT_CHECKLEVEL 0
| #ifdef __cplusplus
| extern "C" void exit (int) throw ();
| #endif
| #define F77_FUNC(name,NAME) name ## _
| #define F77_FUNC_(name,NAME) name ## _
| #define HAVE_DLFCN_H 1
| /* end confdefs.h.  */
| #include <ac_nonexistent.h>
configure:6626: result: gcc -E
configure:6650: gcc -E  conftest.c
configure:6656: $? = 0
configure:6688: gcc -E  conftest.c
conftest.c:17:28: fatal error: ac_nonexistent.h: No such file or directory
compilation terminated.
configure:6694: $? = 1
configure: failed program was:
| /* confdefs.h.  */
| 
| #define PACKAGE_NAME "Ipopt"
| #define PACKAGE_TARNAME "ipopt"
| #define PACKAGE_VERSION "3.2.1"
| #define PACKAGE_STRING "Ipopt 3.2.1"
| #define PACKAGE_BUGREPORT "http://projects.coin-or.org/Ipopt/newticket"
| #define COIN_IPOPT_VERBOSITY 0
| #define COIN_IPOPT_CHECKLEVEL 0
| #ifdef __cplusplus
| extern "C" void exit (int) throw ();
| #endif
| #define F77_FUNC(name,NAME) name ## _
| #define F77_FUNC_(name,NAME) name ## _
| #define HAVE_DLFCN_H 1
| /* end confdefs.h.  */
| #include <ac_nonexistent.h>
configure:6738: checking for ANSI C header files
configure:6771: gcc -c -O3 -fomit-frame-pointer -pipe -DNDEBUG -pedantic-errors -Wimplicit -Wparentheses -Wsequence-point -Wreturn-type -Wcast-qual -Wall    conftest.c >&5
configure:6777: $? = 0
configure:6781: test -z 
			 || test ! -s conftest.err
configure:6784: $? = 0
configure:6787: test -s conftest.o
configure:6790: $? = 0
configure:6879: gcc -o conftest -O3 -fomit-frame-pointer -pipe -DNDEBUG -pedantic-errors -Wimplicit -Wparentheses -Wsequence-point -Wreturn-type -Wcast-qual -Wall     conftest.c  >&5
conftest.c: In function 'main':
conftest.c:34:7: error: implicit declaration of function 'exit' [-Wimplicit-function-declaration]
       exit(2);
       ^
conftest.c:34:7: warning: incompatible implicit declaration of built-in function 'exit'
conftest.c:34:7: note: include '<stdlib.h>' or provide a declaration of 'exit'
conftest.c:35:3: warning: incompatible implicit declaration of built-in function 'exit'
   exit (0);
   ^
conftest.c:35:3: note: include '<stdlib.h>' or provide a declaration of 'exit'
configure:6882: $? = 1
configure: program exited with status 1
configure: failed program was:
| /* confdefs.h.  */
| 
| #define PACKAGE_NAME "Ipopt"
| #define PACKAGE_TARNAME "ipopt"
| #define PACKAGE_VERSION "3.2.1"
| #define PACKAGE_STRING "Ipopt 3.2.1"
| #define PACKAGE_BUGREPORT "http://projects.coin-or.org/Ipopt/newticket"
| #define COIN_IPOPT_VERBOSITY 0
| #define COIN_IPOPT_CHECKLEVEL 0
| #ifdef __cplusplus
| extern "C" void exit (int) throw ();
| #endif
| #define F77_FUNC(name,NAME) name ## _
| #define F77_FUNC_(name,NAME) name ## _
| #define HAVE_DLFCN_H 1
| /* end confdefs.h.  */
| #include <ctype.h>
| #if ((' ' & 0x0FF) == 0x020)
| # define ISLOWER(c) ('a' <= (c) && (c) <= 'z')
| # define TOUPPER(c) (ISLOWER(c) ? 'A' + ((c) - 'a') : (c))
| #else
| # define ISLOWER(c) 		   (('a' <= (c) && (c) <= 'i') 		     || ('j' <= (c) && (c) <= 'r') 		     || ('s' <= (c) && (c) <= 'z'))
| # define TOUPPER(c) (ISLOWER(c) ? ((c) | 0x40) : (c))
| #endif
| 
| #define XOR(e, f) (((e) && !(f)) || (!(e) && (f)))
| int
| main ()
| {
|   int i;
|   for (i = 0; i < 256; i++)
|     if (XOR (islower (i), ISLOWER (i))
| 	|| toupper (i) != TOUPPER (i))
|       exit(2);
|   exit (0);
| }
configure:6902: result: no
configure:6926: checking for sys/types.h
configure:6942: gcc -c -O3 -fomit-frame-pointer -pipe -DNDEBUG -pedantic-errors -Wimplicit -Wparentheses -Wsequence-point -Wreturn-type -Wcast-qual -Wall    conftest.c >&5
configure:6948: $? = 0
configure:6952: test -z 
			 || test ! -s conftest.err
configure:6955: $? = 0
configure:6958: test -s conftest.o
configure:6961: $? = 0
configure:6972: result: yes
configure:6926: checking for sys/stat.h
configure:6942: gcc -c -O3 -fomit-frame-pointer -pipe -DNDEBUG -pedantic-errors -Wimplicit -Wparentheses -Wsequence-point -Wreturn-type -Wcast-qual -Wall    conftest.c >&5
configure:6948: $? = 0
configure:6952: test -z 
			 || test ! -s conftest.err
configure:6955: $? = 0
configure:6958: test -s conftest.o
configure:6961: $? = 0
configure:6972: result: yes
configure:6926: checking for stdlib.h
configure:6942: gcc -c -O3 -fomit-frame-pointer -pipe -DNDEBUG -pedantic-errors -Wimplicit -Wparentheses -Wsequence-point -Wreturn-type -Wcast-qual -Wall    conftest.c >&5
configure:6948: $? = 0
configure:6952: test -z 
			 || test ! -s conftest.err
configure:6955: $? = 0
configure:6958: test -s conftest.o
configure:6961: $? = 0
configure:6972: result: yes
configure:6926: checking for string.h
configure:6942: gcc -c -O3 -fomit-frame-pointer -pipe -DNDEBUG -pedantic-errors -Wimplicit -Wparentheses -Wsequence-point -Wreturn-type -Wcast-qual -Wall    conftest.c >&5
configure:6948: $? = 0
configure:6952: test -z 
			 || test ! -s conftest.err
configure:6955: $? = 0
configure:6958: test -s conftest.o
configure:6961: $? = 0
configure:6972: result: yes
configure:6926: checking for memory.h
configure:6942: gcc -c -O3 -fomit-frame-pointer -pipe -DNDEBUG -pedantic-errors -Wimplicit -Wparentheses -Wsequence-point -Wreturn-type -Wcast-qual -Wall    conftest.c >&5
configure:6948: $? = 0
configure:6952: test -z 
			 || test ! -s conftest.err
configure:6955: $? = 0
configure:6958: test -s conftest.o
configure:6961: $? = 0
configure:6972: result: yes
configure:6926: checking for strings.h
configure:6942: gcc -c -O3 -fomit-frame-pointer -pipe -DNDEBUG -pedantic-errors -Wimplicit -Wparentheses -Wsequence-point -Wreturn-type -Wcast-qual -Wall    conftest.c >&5
configure:6948: $? = 0
configure:6952: test -z 
			 || test ! -s conftest.err
configure:6955: $? = 0
configure:6958: test -s conftest.o
configure:6961: $? = 0
configure:6972: result: yes
configure:6926: checking for inttypes.h
configure:6942: gcc -c -O3 -fomit-frame-pointer -pipe -DNDEBUG -pedantic-errors -Wimplicit -Wparentheses -Wsequence-point -Wreturn-type -Wcast-qual -Wall    conftest.c >&5
configure:6948: $? = 0
configure:6952: test -z 
			 || test ! -s conftest.err
configure:6955: $? = 0
configure:6958: test -s conftest.o
configure:6961: $? = 0
configure:6972: result: yes
configure:6926: checking for stdint.h
configure:6942: gcc -c -O3 -fomit-frame-pointer -pipe -DNDEBUG -pedantic-errors -Wimplicit -Wparentheses -Wsequence-point -Wreturn-type -Wcast-qual -Wall    conftest.c >&5
configure:6948: $? = 0
configure:6952: test -z 
			 || test ! -s conftest.err
configure:6955: $? = 0
configure:6958: test -s conftest.o
configure:6961: $? = 0
configure:6972: result: yes
configure:6926: checking for unistd.h
configure:6942: gcc -c -O3 -fomit-frame-pointer -pipe -DNDEBUG -pedantic-errors -Wimplicit -Wparentheses -Wsequence-point -Wreturn-type -Wcast-qual -Wall    conftest.c >&5
configure:6948: $? = 0
configure:6952: test -z 
			 || test ! -s conftest.err
configure:6955: $? = 0
configure:6958: test -s conftest.o
configure:6961: $? = 0
configure:6972: result: yes
configure:6989: checking for dlfcn.h
configure:6994: result: yes
configure:7144: checking how to run the C++ preprocessor
configure:7175: g++ -E  conftest.cc
configure:7181: $? = 0
configure:7213: g++ -E  conftest.cc
conftest.cc:27:28: fatal error: ac_nonexistent.h: No such file or directory
compilation terminated.
configure:7219: $? = 1
configure: failed program was:
| /* confdefs.h.  */
| 
| #define PACKAGE_NAME "Ipopt"
| #define PACKAGE_TARNAME "ipopt"
| #define PACKAGE_VERSION "3.2.1"
| #define PACKAGE_STRING "Ipopt 3.2.1"
| #define PACKAGE_BUGREPORT "http://projects.coin-or.org/Ipopt/newticket"
| #define COIN_IPOPT_VERBOSITY 0
| #define COIN_IPOPT_CHECKLEVEL 0
| #ifdef __cplusplus
| extern "C" void exit (int) throw ();
| #endif
| #define F77_FUNC(name,NAME) name ## _
| #define F77_FUNC_(name,NAME) name ## _
| #define HAVE_DLFCN_H 1
| #define HAVE_SYS_TYPES_H 1
| #define HAVE_SYS_STAT_H 1
| #define HAVE_STDLIB_H 1
| #define HAVE_STRING_H 1
| #define HAVE_MEMORY_H 1
| #define HAVE_STRINGS_H 1
| #define HAVE_INTTYPES_H 1
| #define HAVE_STDINT_H 1
| #define HAVE_UNISTD_H 1
| #define HAVE_DLFCN_H 1
| /* end confdefs.h.  */
| #include <ac_nonexistent.h>
configure:7258: result: g++ -E
configure:7282: g++ -E  conftest.cc
configure:7288: $? = 0
configure:7320: g++ -E  conftest.cc
conftest.cc:27:28: fatal error: ac_nonexistent.h: No such file or directory
compilation terminated.
configure:7326: $? = 1
configure: failed program was:
| /* confdefs.h.  */
| 
| #define PACKAGE_NAME "Ipopt"
| #define PACKAGE_TARNAME "ipopt"
| #define PACKAGE_VERSION "3.2.1"
| #define PACKAGE_STRING "Ipopt 3.2.1"
| #define PACKAGE_BUGREPORT "http://projects.coin-or.org/Ipopt/newticket"
| #define COIN_IPOPT_VERBOSITY 0
| #define COIN_IPOPT_CHECKLEVEL 0
| #ifdef __cplusplus
| extern "C" void exit (int) throw ();
| #endif
| #define F77_FUNC(name,NAME) name ## _
| #define F77_FUNC_(name,NAME) name ## _
| #define HAVE_DLFCN_H 1
| #define HAVE_SYS_TYPES_H 1
| #define HAVE_SYS_STAT_H 1
| #define HAVE_STDLIB_H 1
| #define HAVE_STRING_H 1
| #define HAVE_MEMORY_H 1
| #define HAVE_STRINGS_H 1
| #define HAVE_INTTYPES_H 1
| #define HAVE_STDINT_H 1
| #define HAVE_UNISTD_H 1
| #define HAVE_DLFCN_H 1
| /* end confdefs.h.  */
| #include <ac_nonexistent.h>
configure:7375: checking the maximum length of command line arguments
configure:7484: result: 32768
configure:7495: checking command to parse /usr/bin/nm -B output from gcc object
configure:7600: g++ -c -O3 -fomit-frame-pointer -pipe -DNDEBUG -pedantic-errors -Wimplicit -Wparentheses -Wreturn-type -Wcast-qual -Wall -Wpointer-arith -Wwrite-strings -Wconversion    conftest.cc >&5
cc1plus: warning: command line option '-Wimplicit' is valid for C/ObjC but not for C++
configure:7603: $? = 0
configure:7607: /usr/bin/nm -B conftest.o \| sed -n -e 's/^.*[ 	]\([ABCDGIRSTW][ABCDGIRSTW]*\)[ 	][ 	]*\([_A-Za-z][_A-Za-z0-9]*\)$/\1 \2 \2/p' \> conftest.nm
configure:7610: $? = 0
configure:7662: g++ -o conftest -O3 -fomit-frame-pointer -pipe -DNDEBUG -pedantic-errors -Wimplicit -Wparentheses -Wreturn-type -Wcast-qual -Wall -Wpointer-arith -Wwrite-strings -Wconversion     conftest.cc conftstm.o >&5
cc1plus: warning: command line option '-Wimplicit' is valid for C/ObjC but not for C++
configure:7665: $? = 0
configure:7703: result: ok
configure:7707: checking for objdir
configure:7722: result: .libs
configure:7812: checking for ar
configure:7828: found /usr/bin/ar
configure:7839: result: ar
configure:7892: checking for ranlib
configure:7908: found /usr/bin/ranlib
configure:7919: result: ranlib
configure:7972: checking for strip
configure:7988: found /usr/bin/strip
configure:7999: result: strip
configure:8275: checking if gcc supports -fno-rtti -fno-exceptions
configure:8293: gcc -c -O3 -fomit-frame-pointer -pipe -DNDEBUG -pedantic-errors -Wimplicit -Wparentheses -Wsequence-point -Wreturn-type -Wcast-qual -Wall    -fno-rtti -fno-exceptions conftest.c >&5
cc1: warning: command line option '-fno-rtti' is valid for C++/ObjC++ but not for C
configure:8297: $? = 0
configure:8310: result: no
configure:8325: checking for gcc option to produce PIC
configure:8535: result: -fPIC
configure:8543: checking if gcc PIC flag -fPIC works
configure:8561: gcc -c -O3 -fomit-frame-pointer -pipe -DNDEBUG -pedantic-errors -Wimplicit -Wparentheses -Wsequence-point -Wreturn-type -Wcast-qual -Wall    -fPIC -DPIC conftest.c >&5
configure:8565: $? = 0
configure:8578: result: yes
configure:8606: checking if gcc static flag -static works
configure:8634: result: yes
configure:8644: checking if gcc supports -c -o file.o
configure:8665: gcc -c -O3 -fomit-frame-pointer -pipe -DNDEBUG -pedantic-errors -Wimplicit -Wparentheses -Wsequence-point -Wreturn-type -Wcast-qual -Wall    -o out/conftest2.o conftest.c >&5
configure:8669: $? = 0
configure:8691: result: yes
configure:8717: checking whether the gcc linker (/usr/bin/ld) supports shared libraries
configure:9691: result: yes
configure:9712: checking whether -lc should be explicitly linked in
configure:9717: gcc -c -O3 -fomit-frame-pointer -pipe -DNDEBUG -pedantic-errors -Wimplicit -Wparentheses -Wsequence-point -Wreturn-type -Wcast-qual -Wall    conftest.c >&5
configure:9720: $? = 0
configure:9735: gcc -shared conftest.o  -v -Wl,-soname -Wl,conftest -o conftest 2\>\&1 \| grep  -lc  \>/dev/null 2\>\&1
configure:9738: $? = 0
configure:9750: result: no
configure:9758: checking dynamic linker characteristics
configure:10346: result: GNU/Linux ld.so
configure:10355: checking how to hardcode library paths into programs
configure:10380: result: immediate
configure:10394: checking whether stripping libraries is possible
configure:10399: result: yes
configure:11289: checking if libtool supports shared libraries
configure:11291: result: yes
configure:11294: checking whether to build shared libraries
configure:11315: result: yes
configure:11318: checking whether to build static libraries
configure:11322: result: no
configure:11414: creating libtool
configure:12001: checking for ld used by g++
configure:12068: result: /usr/bin/ld
configure:12077: checking if the linker (/usr/bin/ld) is GNU ld
configure:12092: result: yes
configure:12143: checking whether the g++ linker (/usr/bin/ld) supports shared libraries
configure:13097: result: yes
configure:13119: g++ -c -O3 -fomit-frame-pointer -pipe -DNDEBUG -pedantic-errors -Wimplicit -Wparentheses -Wreturn-type -Wcast-qual -Wall -Wpointer-arith -Wwrite-strings -Wconversion    conftest.cpp >&5
cc1plus: warning: command line option '-Wimplicit' is valid for C/ObjC but not for C++
configure:13122: $? = 0
configure:13241: checking for g++ option to produce PIC
configure:13515: result: -fPIC
configure:13523: checking if g++ PIC flag -fPIC works
configure:13541: g++ -c -O3 -fomit-frame-pointer -pipe -DNDEBUG -pedantic-errors -Wimplicit -Wparentheses -Wreturn-type -Wcast-qual -Wall -Wpointer-arith -Wwrite-strings -Wconversion    -fPIC -DPIC conftest.cpp >&5
cc1plus: warning: command line option '-Wimplicit' is valid for C/ObjC but not for C++
configure:13545: $? = 0
configure:13558: result: yes
configure:13586: checking if g++ static flag -static works
cc1plus: warning: command line option '-Wimplicit' is valid for C/ObjC but not for C++
configure:13614: result: yes
configure:13624: checking if g++ supports -c -o file.o
configure:13645: g++ -c -O3 -fomit-frame-pointer -pipe -DNDEBUG -pedantic-errors -Wimplicit -Wparentheses -Wreturn-type -Wcast-qual -Wall -Wpointer-arith -Wwrite-strings -Wconversion    -o out/conftest2.o conftest.cpp >&5
cc1plus: warning: command line option '-Wimplicit' is valid for C/ObjC but not for C++
configure:13649: $? = 0
configure:13671: result: yes
configure:13697: checking whether the g++ linker (/usr/bin/ld) supports shared libraries
configure:13722: result: yes
configure:13789: checking dynamic linker characteristics
configure:14377: result: GNU/Linux ld.so
configure:14386: checking how to hardcode library paths into programs
configure:14411: result: immediate
configure:14936: checking if libtool supports shared libraries
configure:14938: result: yes
configure:14941: checking whether to build shared libraries
configure:14961: result: yes
configure:14964: checking whether to build static libraries
configure:14968: result: no
configure:14978: checking for gfortran option to produce PIC
configure:15188: result: -fPIC
configure:15196: checking if gfortran PIC flag -fPIC works
configure:15214: gfortran -c -O3 -fomit-frame-pointer -pipe -DNDEBUG   -fPIC conftest.f >&5
configure:15218: $? = 0
configure:15231: result: yes
configure:15259: checking if gfortran static flag -static works
configure:15287: result: yes
configure:15297: checking if gfortran supports -c -o file.o
configure:15318: gfortran -c -O3 -fomit-frame-pointer -pipe -DNDEBUG   -o out/conftest2.o conftest.f >&5
configure:15322: $? = 0
configure:15344: result: yes
configure:15370: checking whether the gfortran linker (/usr/bin/ld) supports shared libraries
configure:16308: result: yes
configure:16375: checking dynamic linker characteristics
configure:16963: result: GNU/Linux ld.so
configure:16972: checking how to hardcode library paths into programs
configure:16997: result: immediate
configure:20691: checking dependency style of gcc
configure:20781: result: gcc3
configure:20800: checking dependency style of g++
configure:20890: result: gcc3
configure:20908: checking whether to enable maintainer-specific portions of Makefiles
configure:20917: result: no
configure:21461: checking for COIN project Ipopt
configure:21514: result: .
configure:21533: checking for int *
configure:21565: gcc -c -O3 -fomit-frame-pointer -pipe -DNDEBUG -pedantic-errors -Wimplicit -Wparentheses -Wsequence-point -Wreturn-type -Wcast-qual -Wall    conftest.c >&5
configure:21571: $? = 0
configure:21575: test -z 
			 || test ! -s conftest.err
configure:21578: $? = 0
configure:21581: test -s conftest.o
configure:21584: $? = 0
configure:21595: result: yes
configure:21598: checking size of int *
configure:21965: gcc -o conftest -O3 -fomit-frame-pointer -pipe -DNDEBUG -pedantic-errors -Wimplicit -Wparentheses -Wsequence-point -Wreturn-type -Wcast-qual -Wall     conftest.c  >&5
configure:21968: $? = 0
configure:21970: ./conftest
configure:21973: $? = 0
configure:21996: result: 8
configure:22047: Using CXXAR="ar cru".
configure:22083: checking for cmath
configure:22099: g++ -c -O3 -fomit-frame-pointer -pipe -DNDEBUG -pedantic-errors -Wimplicit -Wparentheses -Wreturn-type -Wcast-qual -Wall -Wpointer-arith -Wwrite-strings -Wconversion    conftest.cc >&5
cc1plus: warning: command line option '-Wimplicit' is valid for C/ObjC but not for C++
configure:22105: $? = 0
configure:22109: test -z 
			 || test ! -s conftest.err
configure:22112: $? = 0
configure:22115: test -s conftest.o
configure:22118: $? = 0
configure:22129: result: yes
configure:22232: checking for cctype
configure:22248: g++ -c -O3 -fomit-frame-pointer -pipe -DNDEBUG -pedantic-errors -Wimplicit -Wparentheses -Wreturn-type -Wcast-qual -Wall -Wpointer-arith -Wwrite-strings -Wconversion    conftest.cc >&5
cc1plus: warning: command line option '-Wimplicit' is valid for C/ObjC but not for C++
configure:22254: $? = 0
configure:22258: test -z 
			 || test ! -s conftest.err
configure:22261: $? = 0
configure:22264: test -s conftest.o
configure:22267: $? = 0
configure:22278: result: yes
configure:22381: checking for cassert
configure:22397: g++ -c -O3 -fomit-frame-pointer -pipe -DNDEBUG -pedantic-errors -Wimplicit -Wparentheses -Wreturn-type -Wcast-qual -Wall -Wpointer-arith -Wwrite-strings -Wconversion    conftest.cc >&5
cc1plus: warning: command line option '-Wimplicit' is valid for C/ObjC but not for C++
configure:22403: $? = 0
configure:22407: test -z 
			 || test ! -s conftest.err
configure:22410: $? = 0
configure:22413: test -s conftest.o
configure:22416: $? = 0
configure:22427: result: yes
configure:22530: checking for cstdio
configure:22546: g++ -c -O3 -fomit-frame-pointer -pipe -DNDEBUG -pedantic-errors -Wimplicit -Wparentheses -Wreturn-type -Wcast-qual -Wall -Wpointer-arith -Wwrite-strings -Wconversion    conftest.cc >&5
cc1plus: warning: command line option '-Wimplicit' is valid for C/ObjC but not for C++
configure:22552: $? = 0
configure:22556: test -z 
			 || test ! -s conftest.err
configure:22559: $? = 0
configure:22562: test -s conftest.o
configure:22565: $? = 0
configure:22576: result: yes
configure:22679: checking for cstdlib
configure:22695: g++ -c -O3 -fomit-frame-pointer -pipe -DNDEBUG -pedantic-errors -Wimplicit -Wparentheses -Wreturn-type -Wcast-qual -Wall -Wpointer-arith -Wwrite-strings -Wconversion    conftest.cc >&5
cc1plus: warning: command line option '-Wimplicit' is valid for C/ObjC but not for C++
configure:22701: $? = 0
configure:22705: test -z 
			 || test ! -s conftest.err
configure:22708: $? = 0
configure:22711: test -s conftest.o
configure:22714: $? = 0
configure:22725: result: yes
configure:22828: checking for cstdarg
configure:22844: g++ -c -O3 -fomit-frame-pointer -pipe -DNDEBUG -pedantic-errors -Wimplicit -Wparentheses -Wreturn-type -Wcast-qual -Wall -Wpointer-arith -Wwrite-strings -Wconversion    conftest.cc >&5
cc1plus: warning: command line option '-Wimplicit' is valid for C/ObjC but not for C++
configure:22850: $? = 0
configure:22854: test -z 
			 || test ! -s conftest.err
configure:22857: $? = 0
configure:22860: test -s conftest.o
configure:22863: $? = 0
configure:22874: result: yes
configure:22977: checking for cfloat
configure:22993: g++ -c -O3 -fomit-frame-pointer -pipe -DNDEBUG -pedantic-errors -Wimplicit -Wparentheses -Wreturn-type -Wcast-qual -Wall -Wpointer-arith -Wwrite-strings -Wconversion    conftest.cc >&5
cc1plus: warning: command line option '-Wimplicit' is valid for C/ObjC but not for C++
configure:22999: $? = 0
configure:23003: test -z 
			 || test ! -s conftest.err
configure:23006: $? = 0
configure:23009: test -s conftest.o
configure:23012: $? = 0
configure:23023: result: yes
configure:23126: checking for ctime
configure:23142: g++ -c -O3 -fomit-frame-pointer -pipe -DNDEBUG -pedantic-errors -Wimplicit -Wparentheses -Wreturn-type -Wcast-qual -Wall -Wpointer-arith -Wwrite-strings -Wconversion    conftest.cc >&5
cc1plus: warning: command line option '-Wimplicit' is valid for C/ObjC but not for C++
configure:23148: $? = 0
configure:23152: test -z 
			 || test ! -s conftest.err
configure:23155: $? = 0
configure:23158: test -s conftest.o
configure:23161: $? = 0
configure:23172: result: yes
configure:23284: checking for cieeefp
configure:23300: g++ -c -O3 -fomit-frame-pointer -pipe -DNDEBUG -pedantic-errors -Wimplicit -Wparentheses -Wreturn-type -Wcast-qual -Wall -Wpointer-arith -Wwrite-strings -Wconversion    conftest.cc >&5
cc1plus: warning: command line option '-Wimplicit' is valid for C/ObjC but not for C++
conftest.cc:39:19: fatal error: cieeefp: No such file or directory
compilation terminated.
configure:23306: $? = 1
configure: failed program was:
| /* confdefs.h.  */
| 
| #define PACKAGE_NAME "Ipopt"
| #define PACKAGE_TARNAME "ipopt"
| #define PACKAGE_VERSION "3.2.1"
| #define PACKAGE_STRING "Ipopt 3.2.1"
| #define PACKAGE_BUGREPORT "http://projects.coin-or.org/Ipopt/newticket"
| #define COIN_IPOPT_VERBOSITY 0
| #define COIN_IPOPT_CHECKLEVEL 0
| #ifdef __cplusplus
| extern "C" void exit (int) throw ();
| #endif
| #define F77_FUNC(name,NAME) name ## _
| #define F77_FUNC_(name,NAME) name ## _
| #define HAVE_DLFCN_H 1
| #define HAVE_SYS_TYPES_H 1
| #define HAVE_SYS_STAT_H 1
| #define HAVE_STDLIB_H 1
| #define HAVE_STRING_H 1
| #define HAVE_MEMORY_H 1
| #define HAVE_STRINGS_H 1
| #define HAVE_INTTYPES_H 1
| #define HAVE_STDINT_H 1
| #define HAVE_UNISTD_H 1
| #define HAVE_DLFCN_H 1
| #define PACKAGE "ipopt"
| #define VERSION "3.2.1"
| #define COIN_HAS_IPOPT 1
| #define SIZEOF_INT_P 8
| #define HAVE_CMATH 1
| #define HAVE_CCTYPE 1
| #define HAVE_CASSERT 1
| #define HAVE_CSTDIO 1
| #define HAVE_CSTDLIB 1
| #define HAVE_CSTDARG 1
| #define HAVE_CFLOAT 1
| #define HAVE_CTIME 1
| /* end confdefs.h.  */
| #include <cieeefp>
| 
| #include <cieeefp>
configure:23330: result: no
configure:23352: checking for ieeefp.h
configure:23368: g++ -c -O3 -fomit-frame-pointer -pipe -DNDEBUG -pedantic-errors -Wimplicit -Wparentheses -Wreturn-type -Wcast-qual -Wall -Wpointer-arith -Wwrite-strings -Wconversion    conftest.cc >&5
cc1plus: warning: command line option '-Wimplicit' is valid for C/ObjC but not for C++
conftest.cc:39:20: fatal error: ieeefp.h: No such file or directory
compilation terminated.
configure:23374: $? = 1
configure: failed program was:
| /* confdefs.h.  */
| 
| #define PACKAGE_NAME "Ipopt"
| #define PACKAGE_TARNAME "ipopt"
| #define PACKAGE_VERSION "3.2.1"
| #define PACKAGE_STRING "Ipopt 3.2.1"
| #define PACKAGE_BUGREPORT "http://projects.coin-or.org/Ipopt/newticket"
| #define COIN_IPOPT_VERBOSITY 0
| #define COIN_IPOPT_CHECKLEVEL 0
| #ifdef __cplusplus
| extern "C" void exit (int) throw ();
| #endif
| #define F77_FUNC(name,NAME) name ## _
| #define F77_FUNC_(name,NAME) name ## _
| #define HAVE_DLFCN_H 1
| #define HAVE_SYS_TYPES_H 1
| #define HAVE_SYS_STAT_H 1
| #define HAVE_STDLIB_H 1
| #define HAVE_STRING_H 1
| #define HAVE_MEMORY_H 1
| #define HAVE_STRINGS_H 1
| #define HAVE_INTTYPES_H 1
| #define HAVE_STDINT_H 1
| #define HAVE_UNISTD_H 1
| #define HAVE_DLFCN_H 1
| #define PACKAGE "ipopt"
| #define VERSION "3.2.1"
| #define COIN_HAS_IPOPT 1
| #define SIZEOF_INT_P 8
| #define HAVE_CMATH 1
| #define HAVE_CCTYPE 1
| #define HAVE_CASSERT 1
| #define HAVE_CSTDIO 1
| #define HAVE_CSTDLIB 1
| #define HAVE_CSTDARG 1
| #define HAVE_CFLOAT 1
| #define HAVE_CTIME 1
| /* end confdefs.h.  */
| #include <ieeefp.h>
| 
| #include <ieeefp.h>
configure:23398: result: no
configure:23423: checking whether finite is declared
configure:23477: g++ -c -O3 -fomit-frame-pointer -pipe -DNDEBUG -pedantic-errors -Wimplicit -Wparentheses -Wreturn-type -Wcast-qual -Wall -Wpointer-arith -Wwrite-strings -Wconversion    conftest.cc >&5
cc1plus: warning: command line option '-Wimplicit' is valid for C/ObjC but not for C++
conftest.cc: In function 'int main()':
conftest.cc:74:9: warning: unused variable 'p' [-Wunused-variable]
   char *p = (char *) finite;
         ^
configure:23483: $? = 0
configure:23487: test -z 
			 || test ! -s conftest.err
configure:23490: $? = 0
configure:23493: test -s conftest.o
configure:23496: $? = 0
configure:23507: result: yes
configure:23712: checking whether va_copy is declared
configure:23752: g++ -c -O3 -fomit-frame-pointer -pipe -DNDEBUG -pedantic-errors -Wimplicit -Wparentheses -Wreturn-type -Wcast-qual -Wall -Wpointer-arith -Wwrite-strings -Wconversion    conftest.cc >&5
cc1plus: warning: command line option '-Wimplicit' is valid for C/ObjC but not for C++
configure:23758: $? = 0
configure:23762: test -z 
			 || test ! -s conftest.err
configure:23765: $? = 0
configure:23768: test -s conftest.o
configure:23771: $? = 0
configure:23782: result: yes
configure:23847: checking whether user supplied BLASLIB="/usr/local/lib/libcoinblas.a -lgfortran" works
configure:24116: g++ -o conftest -O3 -fomit-frame-pointer -pipe -DNDEBUG -pedantic-errors -Wimplicit -Wparentheses -Wreturn-type -Wcast-qual -Wall -Wpointer-arith -Wwrite-strings -Wconversion     conftest.cc /usr/local/lib/libcoinblas.a -lgfortran  >&5
g++: error: /usr/local/lib/libcoinblas.a: No such file or directory
configure:24122: $? = 1
configure: failed program was:
| /* confdefs.h.  */
| 
| #define PACKAGE_NAME "Ipopt"
| #define PACKAGE_TARNAME "ipopt"
| #define PACKAGE_VERSION "3.2.1"
| #define PACKAGE_STRING "Ipopt 3.2.1"
| #define PACKAGE_BUGREPORT "http://projects.coin-or.org/Ipopt/newticket"
| #define COIN_IPOPT_VERBOSITY 0
| #define COIN_IPOPT_CHECKLEVEL 0
| #ifdef __cplusplus
| extern "C" void exit (int) throw ();
| #endif
| #define F77_FUNC(name,NAME) name ## _
| #define F77_FUNC_(name,NAME) name ## _
| #define HAVE_DLFCN_H 1
| #define HAVE_SYS_TYPES_H 1
| #define HAVE_SYS_STAT_H 1
| #define HAVE_STDLIB_H 1
| #define HAVE_STRING_H 1
| #define HAVE_MEMORY_H 1
| #define HAVE_STRINGS_H 1
| #define HAVE_INTTYPES_H 1
| #define HAVE_STDINT_H 1
| #define HAVE_UNISTD_H 1
| #define HAVE_DLFCN_H 1
| #define PACKAGE "ipopt"
| #define VERSION "3.2.1"
| #define COIN_HAS_IPOPT 1
| #define SIZEOF_INT_P 8
| #define HAVE_CMATH 1
| #define HAVE_CCTYPE 1
| #define HAVE_CASSERT 1
| #define HAVE_CSTDIO 1
| #define HAVE_CSTDLIB 1
| #define HAVE_CSTDARG 1
| #define HAVE_CFLOAT 1
| #define HAVE_CTIME 1
| #define MY_C_FINITE finite
| #define HAVE_VA_COPY 1
| /* end confdefs.h.  */
| extern "C" {void daxpy_();}
| #ifdef F77_DUMMY_MAIN
| 
| #  ifdef __cplusplus
|      extern "C"
| #  endif
|    int F77_DUMMY_MAIN() { return 1; }
| 
| #endif
| int
| main ()
| {
| daxpy_()
|   ;
|   return 0;
| }
configure:24178: g++ -o conftest -O3 -fomit-frame-pointer -pipe -DNDEBUG -pedantic-errors -Wimplicit -Wparentheses -Wreturn-type -Wcast-qual -Wall -Wpointer-arith -Wwrite-strings -Wconversion     conftest.cc /usr/local/lib/libcoinblas.a -lgfortran   -L/usr/lib/gcc/x86_64-linux-gnu/5 -L/usr/lib/gcc/x86_64-linux-gnu/5/../../../x86_64-linux-gnu -L/usr/lib/gcc/x86_64-linux-gnu/5/../../../../lib -L/lib/x86_64-linux-gnu -L/lib/../lib -L/usr/lib/x86_64-linux-gnu -L/usr/lib/../lib -L/usr/lib/gcc/x86_64-linux-gnu/5/../../.. -lgfortran -lm -lgcc_s -lquadmath >&5
g++: error: /usr/local/lib/libcoinblas.a: No such file or directory
configure:24184: $? = 1
configure: failed program was:
| /* confdefs.h.  */
| 
| #define PACKAGE_NAME "Ipopt"
| #define PACKAGE_TARNAME "ipopt"
| #define PACKAGE_VERSION "3.2.1"
| #define PACKAGE_STRING "Ipopt 3.2.1"
| #define PACKAGE_BUGREPORT "http://projects.coin-or.org/Ipopt/newticket"
| #define COIN_IPOPT_VERBOSITY 0
| #define COIN_IPOPT_CHECKLEVEL 0
| #ifdef __cplusplus
| extern "C" void exit (int) throw ();
| #endif
| #define F77_FUNC(name,NAME) name ## _
| #define F77_FUNC_(name,NAME) name ## _
| #define HAVE_DLFCN_H 1
| #define HAVE_SYS_TYPES_H 1
| #define HAVE_SYS_STAT_H 1
| #define HAVE_STDLIB_H 1
| #define HAVE_STRING_H 1
| #define HAVE_MEMORY_H 1
| #define HAVE_STRINGS_H 1
| #define HAVE_INTTYPES_H 1
| #define HAVE_STDINT_H 1
| #define HAVE_UNISTD_H 1
| #define HAVE_DLFCN_H 1
| #define PACKAGE "ipopt"
| #define VERSION "3.2.1"
| #define COIN_HAS_IPOPT 1
| #define SIZEOF_INT_P 8
| #define HAVE_CMATH 1
| #define HAVE_CCTYPE 1
| #define HAVE_CASSERT 1
| #define HAVE_CSTDIO 1
| #define HAVE_CSTDLIB 1
| #define HAVE_CSTDARG 1
| #define HAVE_CFLOAT 1
| #define HAVE_CTIME 1
| #define MY_C_FINITE finite
| #define HAVE_VA_COPY 1
| /* end confdefs.h.  */
| extern "C" {void daxpy_();}
| #ifdef F77_DUMMY_MAIN
| 
| #  ifdef __cplusplus
|      extern "C"
| #  endif
|    int F77_DUMMY_MAIN() { return 1; }
| 
| #endif
| int
| main ()
| {
| daxpy_()
|   ;
|   return 0;
| }
configure:24208: result: no
configure:24210: error: user supplied BLAS library "/usr/local/lib/libcoinblas.a -lgfortran" does not work

## ---------------- ##
## Cache variables. ##
## ---------------- ##

ac_cv_build=x86_64-unknown-linux-gnu
ac_cv_build_alias=x86_64-unknown-linux-gnu
ac_cv_c_compiler_gnu=yes
ac_cv_cxx_compiler_gnu=yes
ac_cv_env_ADD_CFLAGS_set=
ac_cv_env_ADD_CFLAGS_value=
ac_cv_env_ADD_CXXFLAGS_set=
ac_cv_env_ADD_CXXFLAGS_value=
ac_cv_env_ADD_FFLAGS_set=
ac_cv_env_ADD_FFLAGS_value=
ac_cv_env_CC_set=
ac_cv_env_CC_value=
ac_cv_env_CDEFS_set=
ac_cv_env_CDEFS_value=
ac_cv_env_CFLAGS_set=
ac_cv_env_CFLAGS_value=
ac_cv_env_CPPFLAGS_set=
ac_cv_env_CPPFLAGS_value=
ac_cv_env_CPP_set=
ac_cv_env_CPP_value=
ac_cv_env_CXXAR_set=
ac_cv_env_CXXAR_value=
ac_cv_env_CXXCPP_set=
ac_cv_env_CXXCPP_value=
ac_cv_env_CXXDEFS_set=
ac_cv_env_CXXDEFS_value=
ac_cv_env_CXXFLAGS_set=
ac_cv_env_CXXFLAGS_value=
ac_cv_env_CXXLIBS_set=
ac_cv_env_CXXLIBS_value=
ac_cv_env_CXX_set=
ac_cv_env_CXX_value=
ac_cv_env_DBG_CFLAGS_set=
ac_cv_env_DBG_CFLAGS_value=
ac_cv_env_DBG_CXXFLAGS_set=
ac_cv_env_DBG_CXXFLAGS_value=
ac_cv_env_DBG_FFLAGS_set=
ac_cv_env_DBG_FFLAGS_value=
ac_cv_env_F77_set=
ac_cv_env_F77_value=
ac_cv_env_FFLAGS_set=
ac_cv_env_FFLAGS_value=
ac_cv_env_LDFLAGS_set=
ac_cv_env_LDFLAGS_value=
ac_cv_env_MPICC_set=
ac_cv_env_MPICC_value=
ac_cv_env_MPICXX_set=
ac_cv_env_MPICXX_value=
ac_cv_env_MPIF77_set=
ac_cv_env_MPIF77_value=
ac_cv_env_MUMPS_INCFLAGS_set=
ac_cv_env_MUMPS_INCFLAGS_value=
ac_cv_env_OPT_CFLAGS_set=
ac_cv_env_OPT_CFLAGS_value=
ac_cv_env_OPT_CXXFLAGS_set=
ac_cv_env_OPT_CXXFLAGS_value=
ac_cv_env_OPT_FFLAGS_set=
ac_cv_env_OPT_FFLAGS_value=
ac_cv_env_TAUCS_INCFLAGS_set=
ac_cv_env_TAUCS_INCFLAGS_value=
ac_cv_env_build_alias_set=
ac_cv_env_build_alias_value=
ac_cv_env_host_alias_set=
ac_cv_env_host_alias_value=
ac_cv_env_target_alias_set=
ac_cv_env_target_alias_value=
ac_cv_exeext=
ac_cv_f77_compiler_gnu=yes
ac_cv_f77_dummy_main=none
ac_cv_f77_libs=' -L/usr/lib/gcc/x86_64-linux-gnu/5 -L/usr/lib/gcc/x86_64-linux-gnu/5/../../../x86_64-linux-gnu -L/usr/lib/gcc/x86_64-linux-gnu/5/../../../../lib -L/lib/x86_64-linux-gnu -L/lib/../lib -L/usr/lib/x86_64-linux-gnu -L/usr/lib/../lib -L/usr/lib/gcc/x86_64-linux-gnu/5/../../.. -lgfortran -lm -lgcc_s -lquadmath'
ac_cv_f77_mangling='lower case, underscore, no extra underscore'
ac_cv_fortran_dummy_main=none
ac_cv_have_decl_finite=yes
ac_cv_have_decl_va_copy=yes
ac_cv_header_cassert=yes
ac_cv_header_cctype=yes
ac_cv_header_cfloat=yes
ac_cv_header_cieeefp=no
ac_cv_header_cmath=yes
ac_cv_header_cstdarg=yes
ac_cv_header_cstdio=yes
ac_cv_header_cstdlib=yes
ac_cv_header_ctime=yes
ac_cv_header_dlfcn_h=yes
ac_cv_header_ieeefp_h=no
ac_cv_header_inttypes_h=yes
ac_cv_header_memory_h=yes
ac_cv_header_stdc=no
ac_cv_header_stdint_h=yes
ac_cv_header_stdlib_h=yes
ac_cv_header_string_h=yes
ac_cv_header_strings_h=yes
ac_cv_header_sys_stat_h=yes
ac_cv_header_sys_types_h=yes
ac_cv_header_unistd_h=yes
ac_cv_host=x86_64-unknown-linux-gnu
ac_cv_host_alias=x86_64-unknown-linux-gnu
ac_cv_objext=o
ac_cv_path_install='/usr/bin/install -c'
ac_cv_prog_AWK=mawk
ac_cv_prog_CPP='gcc -E'
ac_cv_prog_CXXCPP='g++ -E'
ac_cv_prog_ac_ct_AR=ar
ac_cv_prog_ac_ct_CC=gcc
ac_cv_prog_ac_ct_CXX=g++
ac_cv_prog_ac_ct_F77=gfortran
ac_cv_prog_ac_ct_RANLIB=ranlib
ac_cv_prog_ac_ct_STRIP=strip
ac_cv_prog_cc_g=yes
ac_cv_prog_cc_stdc=
ac_cv_prog_cxx_g=yes
ac_cv_prog_egrep='grep -E'
ac_cv_prog_f77_g=yes
ac_cv_prog_f77_v=-v
ac_cv_prog_make_make_set=yes
ac_cv_sizeof_int_p=8
ac_cv_type_int_p=yes
am_cv_CC_dependencies_compiler_type=gcc3
am_cv_CXX_dependencies_compiler_type=gcc3
lt_cv_deplibs_check_method=pass_all
lt_cv_file_magic_cmd='$MAGIC_CMD'
lt_cv_file_magic_test_file=
lt_cv_ld_reload_flag=-r
lt_cv_objdir=.libs
lt_cv_path_LD=/usr/bin/ld
lt_cv_path_LDCXX=/usr/bin/ld
lt_cv_path_NM='/usr/bin/nm -B'
lt_cv_path_SED=/bin/sed
lt_cv_prog_compiler_c_o=yes
lt_cv_prog_compiler_c_o_CXX=yes
lt_cv_prog_compiler_c_o_F77=yes
lt_cv_prog_compiler_rtti_exceptions=no
lt_cv_prog_gnu_ld=yes
lt_cv_prog_gnu_ldcxx=yes
lt_cv_sys_global_symbol_pipe='sed -n -e '\''s/^.*[ 	]\([ABCDGIRSTW][ABCDGIRSTW]*\)[ 	][ 	]*\([_A-Za-z][_A-Za-z0-9]*\)$/\1 \2 \2/p'\'''
lt_cv_sys_global_symbol_to_c_name_address='sed -n -e '\''s/^: \([^ ]*\) $/  {\"\1\", (lt_ptr) 0},/p'\'' -e '\''s/^[BCDEGRST] \([^ ]*\) \([^ ]*\)$/  {"\2", (lt_ptr) \&\2},/p'\'''
lt_cv_sys_global_symbol_to_cdecl='sed -n -e '\''s/^. .* \(.*\)$/extern int \1;/p'\'''
lt_cv_sys_max_cmd_len=32768
lt_lt_cv_prog_compiler_c_o='"yes"'
lt_lt_cv_prog_compiler_c_o_CXX='"yes"'
lt_lt_cv_prog_compiler_c_o_F77='"yes"'
lt_lt_cv_sys_global_symbol_pipe='"sed -n -e '\''s/^.*[ 	]\\([ABCDGIRSTW][ABCDGIRSTW]*\\)[ 	][ 	]*\\([_A-Za-z][_A-Za-z0-9]*\\)\$/\\1 \\2 \\2/p'\''"'
lt_lt_cv_sys_global_symbol_to_c_name_address='"sed -n -e '\''s/^: \\([^ ]*\\) \$/  {\\\"\\1\\\", (lt_ptr) 0},/p'\'' -e '\''s/^[BCDEGRST] \\([^ ]*\\) \\([^ ]*\\)\$/  {\"\\2\", (lt_ptr) \\&\\2},/p'\''"'
lt_lt_cv_sys_global_symbol_to_cdecl='"sed -n -e '\''s/^. .* \\(.*\\)\$/extern int \\1;/p'\''"'

## ----------------- ##
## Output variables. ##
## ----------------- ##

ACLOCAL='${SHELL} /home/kvasnyj/Dropbox/5.MPC/CarND-MPC-Project/Ipopt-3.2.1/missing --run aclocal-1.9'
ADDLIBS='/usr/local/lib/libcoinblas.a -lgfortran -lm'
ADD_CFLAGS=''
ADD_CXXFLAGS=''
ADD_FFLAGS=''
AIX_FIX_COMPILER_BUG_FALSE=''
AIX_FIX_COMPILER_BUG_TRUE='#'
ALWAYS_FALSE_FALSE=''
ALWAYS_FALSE_TRUE='#'
AMDEPBACKSLASH='\'
AMDEP_FALSE='#'
AMDEP_TRUE=''
AMTAR='${SHELL} /home/kvasnyj/Dropbox/5.MPC/CarND-MPC-Project/Ipopt-3.2.1/missing --run tar'
AR='ar'
ASLLIB=''
ASL_CPPFLAGS=''
ASTYLE=''
ASTYLEFLAGS=''
AUTOCONF='${SHELL} /home/kvasnyj/Dropbox/5.MPC/CarND-MPC-Project/Ipopt-3.2.1/missing --run autoconf'
AUTOHEADER='${SHELL} /home/kvasnyj/Dropbox/5.MPC/CarND-MPC-Project/Ipopt-3.2.1/missing --run autoheader'
AUTOMAKE='${SHELL} /home/kvasnyj/Dropbox/5.MPC/CarND-MPC-Project/Ipopt-3.2.1/missing --run automake-1.9'
AUX_DIR=''
AWK='mawk'
BIT32FCOMMENT='C'
BIT64FCOMMENT=''
BITS_PER_POINTER='64'
BLUEGENEEXTRA='echo'
BUILDTOOLSDIR=''
CC='gcc'
CCDEPMODE='depmode=gcc3'
CDEFS=''
CFLAGS='-O3 -fomit-frame-pointer -pipe -DNDEBUG -pedantic-errors -Wimplicit -Wparentheses -Wsequence-point -Wreturn-type -Wcast-qual -Wall  '
COIN_BUILD_BLAS_FALSE=''
COIN_BUILD_BLAS_TRUE=''
COIN_BUILD_LAPACK_FALSE=''
COIN_BUILD_LAPACK_TRUE=''
COIN_HAS_ASL_FALSE=''
COIN_HAS_ASL_TRUE=''
COIN_HAS_BLAS_FALSE=''
COIN_HAS_BLAS_TRUE=''
COIN_HAS_IPOPT_FALSE='#'
COIN_HAS_IPOPT_TRUE=''
COIN_HAS_LAPACK_FALSE=''
COIN_HAS_LAPACK_TRUE=''
CPP='gcc -E'
CPPFLAGS=''
CXX='g++'
CXXAR='ar cru'
CXXCPP='g++ -E'
CXXDEFS=''
CXXDEPMODE='depmode=gcc3'
CXXFLAGS='-O3 -fomit-frame-pointer -pipe -DNDEBUG -pedantic-errors -Wimplicit -Wparentheses -Wreturn-type -Wcast-qual -Wall -Wpointer-arith -Wwrite-strings -Wconversion  '
CXXLIBS='-lstdc++ -lm'
CYGPATH_W='echo'
DBG_CFLAGS='-g -pipe -pedantic-errors -Wimplicit -Wparentheses -Wsequence-point -Wreturn-type -Wcast-qual -Wall  '
DBG_CXXFLAGS='-g -pipe -pedantic-errors -Wimplicit -Wparentheses -Wreturn-type -Wcast-qual -Wall -Wpointer-arith -Wwrite-strings -Wconversion  '
DBG_FFLAGS='-g -pipe  '
DEFS=''
DEPDIR='.deps'
ECHO='echo'
ECHO_C=''
ECHO_N='-n'
ECHO_T=''
EGREP='grep -E'
EXEEXT=''
F77='gfortran'
FADDLIBS=''
FFLAGS='-O3 -fomit-frame-pointer -pipe -DNDEBUG  '
FLIBS=' -L/usr/lib/gcc/x86_64-linux-gnu/5 -L/usr/lib/gcc/x86_64-linux-gnu/5/../../../x86_64-linux-gnu -L/usr/lib/gcc/x86_64-linux-gnu/5/../../../../lib -L/lib/x86_64-linux-gnu -L/lib/../lib -L/usr/lib/x86_64-linux-gnu -L/usr/lib/../lib -L/usr/lib/gcc/x86_64-linux-gnu/5/../../.. -lgfortran -lm -lgcc_s -lquadmath'
HAVE_EXTERNALS_FALSE=''
HAVE_EXTERNALS_TRUE='#'
HAVE_MA27_FALSE=''
HAVE_MA27_TRUE=''
HAVE_MA57_FALSE=''
HAVE_MA57_TRUE=''
HAVE_MC19_FALSE=''
HAVE_MC19_TRUE=''
HAVE_MUMPS_FALSE=''
HAVE_MUMPS_TRUE=''
HAVE_PARDISO_FALSE=''
HAVE_PARDISO_TRUE=''
HAVE_TAUCS_FALSE=''
HAVE_TAUCS_TRUE=''
HAVE_WSMP_FALSE=''
HAVE_WSMP_TRUE=''
INSTALL_DATA='${INSTALL} -m 644'
INSTALL_PROGRAM='${INSTALL}'
INSTALL_SCRIPT='${INSTALL}'
INSTALL_STRIP_PROGRAM='${SHELL} $(install_sh) -c -s'
IPALLLIBS=''
IPOPTOBJDIR='/home/kvasnyj/Dropbox/5.MPC/CarND-MPC-Project/Ipopt-3.2.1/Ipopt/.'
IPOPTSRCDIR='/home/kvasnyj/Dropbox/5.MPC/CarND-MPC-Project/Ipopt-3.2.1/Ipopt'
LDFLAGS=''
LIBEXT=''
LIBOBJS=''
LIBS='/usr/local/lib/libcoinblas.a -lgfortran '
LIBTOOL='$(SHELL) $(top_builddir)/libtool'
LIBTOOLM4=''
LN_S='ln -s'
LTLIBOBJS=''
LT_LDFLAGS=''
MAINT='#'
MAINTAINER_MODE_FALSE=''
MAINTAINER_MODE_TRUE='#'
MAKEINFO='${SHELL} /home/kvasnyj/Dropbox/5.MPC/CarND-MPC-Project/Ipopt-3.2.1/missing --run makeinfo'
MPICC=''
MPICXX=''
MPIF77=''
MUMPS_INCFLAGS=''
OBJEXT='o'
OPT_CFLAGS='-O3 -fomit-frame-pointer -pipe -DNDEBUG -pedantic-errors -Wimplicit -Wparentheses -Wsequence-point -Wreturn-type -Wcast-qual -Wall  '
OPT_CXXFLAGS='-O3 -fomit-frame-pointer -pipe -DNDEBUG -pedantic-errors -Wimplicit -Wparentheses -Wreturn-type -Wcast-qual -Wall -Wpointer-arith -Wwrite-strings -Wconversion  '
OPT_FFLAGS='-O3 -fomit-frame-pointer -pipe -DNDEBUG  '
PACKAGE='ipopt'
PACKAGE_BUGREPORT='http://projects.coin-or.org/Ipopt/newticket'
PACKAGE_NAME='Ipopt'
PACKAGE_STRING='Ipopt 3.2.1'
PACKAGE_TARNAME='ipopt'
PACKAGE_VERSION='3.2.1'
PATH_SEPARATOR=':'
RANLIB='ranlib'
RPATH_FLAGS=' -Wl,--rpath -Wl,/usr/local/lib'
SET_MAKE=''
SHELL='/bin/bash'
STRIP='strip'
TAUCS_INCFLAGS=''
VERSION='3.2.1'
VPATH_DISTCLEANFILES=''
abs_bin_dir='/usr/local/bin'
abs_include_dir='/usr/local/include'
abs_lib_dir='/usr/local/lib'
abs_source_dir='/home/kvasnyj/Dropbox/5.MPC/CarND-MPC-Project/Ipopt-3.2.1/Ipopt'
ac_ct_AR='ar'
ac_ct_CC='gcc'
ac_ct_CXX='g++'
ac_ct_F77='gfortran'
ac_ct_RANLIB='ranlib'
ac_ct_STRIP='strip'
am__fastdepCC_FALSE='#'
am__fastdepCC_TRUE=''
am__fastdepCXX_FALSE='#'
am__fastdepCXX_TRUE=''
am__include='include'
am__leading_dot='.'
am__quote=''
am__tar='${AMTAR} chof - "$$tardir"'
am__untar='${AMTAR} xf -'
bindir='${exec_prefix}/bin'
build='x86_64-unknown-linux-gnu'
build_alias=''
build_cpu='x86_64'
build_os='linux-gnu'
build_vendor='unknown'
datadir='${prefix}/share'
exec_prefix='NONE'
have_autoconf=''
have_automake=''
have_svn=''
host='x86_64-unknown-linux-gnu'
host_alias=''
host_cpu='x86_64'
host_os='linux-gnu'
host_vendor='unknown'
includedir='${prefix}/include'
infodir='${prefix}/info'
install_sh='/home/kvasnyj/Dropbox/5.MPC/CarND-MPC-Project/Ipopt-3.2.1/install-sh'
ipoptlib=''
libdir='${exec_prefix}/lib'
libexecdir='${exec_prefix}/libexec'
localstatedir='${prefix}/var'
mandir='${prefix}/man'
mkdir_p='mkdir -p --'
oldincludedir='/usr/include'
prefix='/usr/local'
program_transform_name='s,x,x,'
sbindir='${exec_prefix}/sbin'
sharedstatedir='${prefix}/com'
sysconfdir='${prefix}/etc'
target_alias=''

## ----------- ##
## confdefs.h. ##
## ----------- ##

#define COIN_HAS_IPOPT 1
#define COIN_IPOPT_CHECKLEVEL 0
#define COIN_IPOPT_VERBOSITY 0
#define F77_FUNC(name,NAME) name ## _
#define F77_FUNC_(name,NAME) name ## _
#define HAVE_CASSERT 1
#define HAVE_CCTYPE 1
#define HAVE_CFLOAT 1
#define HAVE_CMATH 1
#define HAVE_CSTDARG 1
#define HAVE_CSTDIO 1
#define HAVE_CSTDLIB 1
#define HAVE_CTIME 1
#define HAVE_DLFCN_H 1
#define HAVE_DLFCN_H 1
#define HAVE_INTTYPES_H 1
#define HAVE_MEMORY_H 1
#define HAVE_STDINT_H 1
#define HAVE_STDLIB_H 1
#define HAVE_STRINGS_H 1
#define HAVE_STRING_H 1
#define HAVE_SYS_STAT_H 1
#define HAVE_SYS_TYPES_H 1
#define HAVE_UNISTD_H 1
#define HAVE_VA_COPY 1
#define MY_C_FINITE finite
#define PACKAGE "ipopt"
#define PACKAGE_BUGREPORT "http://projects.coin-or.org/Ipopt/newticket"
#define PACKAGE_NAME "Ipopt"
#define PACKAGE_STRING "Ipopt 3.2.1"
#define PACKAGE_TARNAME "ipopt"
#define PACKAGE_VERSION "3.2.1"
#define SIZEOF_INT_P 8
#define VERSION "3.2.1"
#endif
#ifdef __cplusplus
extern "C" void exit (int) throw ();

configure: exit 1
