This file contains any messages produced by compilers while
running configure, to aid debugging if configure makes a mistake.

It was created by Ipopt configure 3.2.1, which was
generated by GNU Autoconf 2.59.  Invocation command line was

  $ ./configure --prefix=/usr/local coin_skip_warn_cxxflags=yes --with-blas=/usr/local/lib/libcoinblas.a -lgfortran --with-lapack=/usr/local/lib/libcoinlapack.a

## --------- ##
## Platform. ##
## --------- ##

hostname = kvasnyj-Virtual-Machine
uname -m = x86_64
uname -r = 4.4.0-66-generic
uname -s = Linux
uname -v = #87-Ubuntu SMP Fri Mar 3 15:29:05 UTC 2017

/usr/bin/uname -p = unknown
/bin/uname -X     = unknown

/bin/arch              = unknown
/usr/bin/arch -k       = unknown
/usr/convex/getsysinfo = unknown
hostinfo               = unknown
/bin/machine           = unknown
/usr/bin/oslevel       = unknown
/bin/universe          = unknown

PATH: /home/kvasnyj/anaconda3/bin
PATH: /home/kvasnyj/bin
PATH: /home/kvasnyj/.local/bin
PATH: /usr/local/sbin
PATH: /usr/local/bin
PATH: /usr/sbin
PATH: /usr/bin
PATH: /sbin
PATH: /bin
PATH: /usr/games
PATH: /usr/local/games
PATH: /snap/bin


## ----------- ##
## Core tests. ##
## ----------- ##

configure:1295: checking for egrep
configure:1305: result: grep -E
configure:1349: checking for a BSD-compatible install
configure:1404: result: /usr/bin/install -c
configure:1415: checking whether build environment is sane
configure:1458: result: yes
configure:1523: checking for gawk
configure:1552: result: no
configure:1523: checking for mawk
configure:1539: found /usr/bin/mawk
configure:1549: result: mawk
configure:1559: checking whether make sets $(MAKE)
configure:1579: result: yes
configure:1749: checking whether to enable maintainer-specific portions of Makefiles
configure:1758: result: no
configure:2148: checking whether code for third party package Blas is available
configure:2170: result: no
configure:2174: checking whether code for third party package Lapack is available
configure:2196: result: no
configure:2200: checking whether code for third party package HSL is available
configure:2215: result: yes
configure:2226: checking whether code for third party package ASL is available
configure:2248: result: no
configure:2259: checking whether directory Ipopt is available
configure:2274: result: yes
configure:2464: creating ./config.status

## ---------------------- ##
## Running config.status. ##
## ---------------------- ##

This file was extended by Ipopt config.status 3.2.1, which was
generated by GNU Autoconf 2.59.  Invocation command line was

  CONFIG_FILES    = 
  CONFIG_HEADERS  = 
  CONFIG_LINKS    = 
  CONFIG_COMMANDS = 
  $ ./config.status 

on kvasnyj-Virtual-Machine

config.status:671: creating Makefile
configure:3331: configuring in ThirdParty/HSL
configure:3448: running /bin/bash './configure' --prefix=/usr/local  '--prefix=/usr/local' 'coin_skip_warn_cxxflags=yes' '--with-blas=/usr/local/lib/libcoinblas.a -lgfortran' '--with-lapack=/usr/local/lib/libcoinlapack.a' --cache-file=/dev/null --srcdir=.
configure:3331: configuring in Ipopt
configure:3448: running /bin/bash './configure' --prefix=/usr/local  '--prefix=/usr/local' 'coin_skip_warn_cxxflags=yes' '--with-blas=/usr/local/lib/libcoinblas.a -lgfortran' '--with-lapack=/usr/local/lib/libcoinlapack.a' --cache-file=/dev/null --srcdir=.
configure:3453: error: /bin/bash './configure' failed for Ipopt

## ---------------- ##
## Cache variables. ##
## ---------------- ##

ac_cv_env_COIN_SKIP_PROJECTS_set=
ac_cv_env_COIN_SKIP_PROJECTS_value=
ac_cv_env_build_alias_set=
ac_cv_env_build_alias_value=
ac_cv_env_host_alias_set=
ac_cv_env_host_alias_value=
ac_cv_env_target_alias_set=
ac_cv_env_target_alias_value=
ac_cv_path_install='/usr/bin/install -c'
ac_cv_prog_AWK=mawk
ac_cv_prog_egrep='grep -E'
ac_cv_prog_make_make_set=yes

## ----------------- ##
## Output variables. ##
## ----------------- ##

ACLOCAL='${SHELL} /home/kvasnyj/Dropbox/5.MPC/CarND-MPC-Project/Ipopt-3.2.1/missing --run aclocal-1.9'
AMTAR='${SHELL} /home/kvasnyj/Dropbox/5.MPC/CarND-MPC-Project/Ipopt-3.2.1/missing --run tar'
AUTOCONF='${SHELL} /home/kvasnyj/Dropbox/5.MPC/CarND-MPC-Project/Ipopt-3.2.1/missing --run autoconf'
AUTOHEADER='${SHELL} /home/kvasnyj/Dropbox/5.MPC/CarND-MPC-Project/Ipopt-3.2.1/missing --run autoheader'
AUTOMAKE='${SHELL} /home/kvasnyj/Dropbox/5.MPC/CarND-MPC-Project/Ipopt-3.2.1/missing --run automake-1.9'
AUX_DIR=''
AWK='mawk'
BUILDTOOLSDIR=''
COIN_SKIP_PROJECTS=''
CYGPATH_W='echo'
DEFS='-DPACKAGE_NAME=\"Ipopt\" -DPACKAGE_TARNAME=\"ipopt\" -DPACKAGE_VERSION=\"3.2.1\" -DPACKAGE_STRING=\"Ipopt\ 3.2.1\" -DPACKAGE_BUGREPORT=\"http://projects.coin-or.org/Ipopt/newticket\" -DPACKAGE=\"ipopt\" -DVERSION=\"3.2.1\" '
ECHO_C=''
ECHO_N='-n'
ECHO_T=''
EGREP='grep -E'
HAVE_EXTERNALS_FALSE=''
HAVE_EXTERNALS_TRUE='#'
INSTALL_DATA='${INSTALL} -m 644'
INSTALL_PROGRAM='${INSTALL}'
INSTALL_SCRIPT='${INSTALL}'
INSTALL_STRIP_PROGRAM='${SHELL} $(install_sh) -c -s'
LIBEXT='a'
LIBOBJS=''
LIBS=''
LIBTOOLM4=''
LTLIBOBJS=''
MAINT='#'
MAINTAINER_MODE_FALSE=''
MAINTAINER_MODE_TRUE='#'
MAKEINFO='${SHELL} /home/kvasnyj/Dropbox/5.MPC/CarND-MPC-Project/Ipopt-3.2.1/missing --run makeinfo'
PACKAGE='ipopt'
PACKAGE_BUGREPORT='http://projects.coin-or.org/Ipopt/newticket'
PACKAGE_NAME='Ipopt'
PACKAGE_STRING='Ipopt 3.2.1'
PACKAGE_TARNAME='ipopt'
PACKAGE_VERSION='3.2.1'
PATH_SEPARATOR=':'
SET_MAKE=''
SHELL='/bin/bash'
STRIP=''
VERSION='3.2.1'
VPATH_DISTCLEANFILES=''
abs_bin_dir='/usr/local/bin'
abs_include_dir='/usr/local/include'
abs_lib_dir='/usr/local/lib'
abs_source_dir='/home/kvasnyj/Dropbox/5.MPC/CarND-MPC-Project/Ipopt-3.2.1'
ac_ct_STRIP=''
am__leading_dot='.'
am__tar='${AMTAR} chof - "$$tardir"'
am__untar='${AMTAR} xf -'
bindir='${exec_prefix}/bin'
build_alias=''
datadir='${prefix}/share'
exec_prefix='${prefix}'
have_autoconf=''
have_automake=''
have_svn=''
host_alias=''
includedir='${prefix}/include'
infodir='${prefix}/info'
install_sh='/home/kvasnyj/Dropbox/5.MPC/CarND-MPC-Project/Ipopt-3.2.1/install-sh'
libdir='${exec_prefix}/lib'
libexecdir='${exec_prefix}/libexec'
localstatedir='${prefix}/var'
mandir='${prefix}/man'
mkdir_p='mkdir -p --'
oldincludedir='/usr/include'
prefix='/usr/local'
program_transform_name='s,x,x,'
sbindir='${exec_prefix}/sbin'
sharedstatedir='${prefix}/com'
subdirs=' ThirdParty/HSL Ipopt'
sysconfdir='${prefix}/etc'
target_alias=''

configure: exit 1
